<?xml version="1.0" encoding="UTF-8"?>
<robot generator="Robot 7.2 (Python 3.13.3 on win32)" generated="2025-05-13T16:04:56.083780" rpa="false" schemaversion="5">
<suite id="s1" name="Automation" source="c:\automation">
<suite id="s1-s1" name="Automation Mobile Appium Robotframework" source="c:\automation\automation_mobile_appium_robotframework">
<suite id="s1-s1-s1" name="Backup" source="c:\automation\automation_mobile_appium_robotframework\backup">
<suite id="s1-s1-s1-s1" name="Hello" source="c:\automation\automation_mobile_appium_robotframework\backup\hello.robot">
<test id="s1-s1-s1-s1-t1" name="Deve retornar a mensagem de boas vindas" line="5">
<kw name="Hello Robot" owner="hello">
<msg time="2025-05-13T16:04:56.531733" level="INFO">${resultado} = Olá, Anderson.</msg>
<var>${resultado}</var>
<arg>Anderson</arg>
<status status="PASS" start="2025-05-13T16:04:56.531252" elapsed="0.004195"/>
</kw>
<kw name="Should Be Equal" owner="BuiltIn">
<arg>${resultado}</arg>
<arg>Olá, Anderson.</arg>
<doc>Fails if the given objects are unequal.</doc>
<status status="PASS" start="2025-05-13T16:04:56.537102" elapsed="0.001358"/>
</kw>
<status status="PASS" start="2025-05-13T16:04:56.530099" elapsed="0.009607"/>
</test>
<status status="PASS" start="2025-05-13T16:04:56.523666" elapsed="0.018144"/>
</suite>
<status status="PASS" start="2025-05-13T16:04:56.518822" elapsed="0.025702"/>
</suite>
<suite id="s1-s1-s2" name="Tests" source="c:\automation\automation_mobile_appium_robotframework\tests">
<suite id="s1-s1-s2-s1" name="Login" source="c:\automation\automation_mobile_appium_robotframework\tests\login.robot">
<test id="s1-s1-s2-s1-t1" name="Deve realizar o login com sucesso" line="12">
<kw name="Open Session" owner="base" type="SETUP">
<kw name="Set Appium Timeout" owner="AppiumLibrary">
<arg>15</arg>
<doc>Sets the timeout in seconds used by various keywords.</doc>
<status status="PASS" start="2025-05-13T16:04:57.197337" elapsed="0.000325"/>
</kw>
<kw name="Open Application" owner="AppiumLibrary">
<msg time="2025-05-13T16:05:01.319555" level="WARN">Retrying (Retry(total=2, connect=None, read=None, redirect=None, status=None)) after connection broken by 'NewConnectionError('&lt;urllib3.connection.HTTPConnection object at 0x0000015A9335E270&gt;: Failed to establish a new connection: [WinError 10061] Nenhuma conexão pôde ser feita porque a máquina de destino as recusou ativamente')': /wd/hub/session</msg>
<msg time="2025-05-13T16:05:05.378002" level="WARN">Retrying (Retry(total=1, connect=None, read=None, redirect=None, status=None)) after connection broken by 'NewConnectionError('&lt;urllib3.connection.HTTPConnection object at 0x0000015A93346D50&gt;: Failed to establish a new connection: [WinError 10061] Nenhuma conexão pôde ser feita porque a máquina de destino as recusou ativamente')': /wd/hub/session</msg>
<msg time="2025-05-13T16:05:09.435019" level="WARN">Retrying (Retry(total=0, connect=None, read=None, redirect=None, status=None)) after connection broken by 'NewConnectionError('&lt;urllib3.connection.HTTPConnection object at 0x0000015A93346FD0&gt;: Failed to establish a new connection: [WinError 10061] Nenhuma conexão pôde ser feita porque a máquina de destino as recusou ativamente')': /wd/hub/session</msg>
<kw name="Capture Page Screenshot" owner="AppiumLibrary">
<msg time="2025-05-13T16:05:13.476798" level="FAIL">No application is open</msg>
<doc>Takes a screenshot of the current page and embeds it into the log.</doc>
<status status="FAIL" start="2025-05-13T16:05:13.476219" elapsed="0.022510">No application is open</status>
</kw>
<msg time="2025-05-13T16:05:13.499879" level="WARN">Keyword 'Capture Page Screenshot' could not be run on failure: No application is open</msg>
<msg time="2025-05-13T16:05:13.501049" level="FAIL">MaxRetryError: HTTPConnectionPool(host='localhost', port=4723): Max retries exceeded with url: /wd/hub/session (Caused by NewConnectionError('&lt;urllib3.connection.HTTPConnection object at 0x0000015A932D7820&gt;: Failed to establish a new connection: [WinError 10061] Nenhuma conexão pôde ser feita porque a máquina de destino as recusou ativamente'))</msg>
<arg>http://localhost:4723/wd/hub</arg>
<arg>platformName=Android</arg>
<arg>platformVersion=15</arg>
<arg>deviceName=Emulator</arg>
<arg>automationName=UIAutomator2</arg>
<arg>app=${EXECDIR}/gestores/gestores-hom-0.0.2.apk</arg>
<arg>udid=emulator-5554</arg>
<arg>newCommandTimeout=3600</arg>
<arg>connectHardwareKeyboard=false</arg>
<doc>Opens a new application to given Appium server.
Capabilities of appium server, Android and iOS,
Please check https://appium.io/docs/en/2.1/cli/args/
| *Option*            | *Man.* | *Description*     |
| remote_url          | Yes    | Appium server url |
| alias               | no     | alias             |
| strict_ssl          | No     | allows you to send commands to an invalid certificate host like a self-signed one. |</doc>
<status status="FAIL" start="2025-05-13T16:04:57.197861" elapsed="16.311452">MaxRetryError: HTTPConnectionPool(host='localhost', port=4723): Max retries exceeded with url: /wd/hub/session (Caused by NewConnectionError('&lt;urllib3.connection.HTTPConnection object at 0x0000015A932D7820&gt;: Failed to establish a new connection: [WinError 10061] Nenhuma conexão pôde ser feita porque a máquina de destino as recusou ativamente'))</status>
</kw>
<kw name="Get Started" owner="helpers">
<status status="NOT RUN" start="2025-05-13T16:05:13.509727" elapsed="0.000144"/>
</kw>
<status status="FAIL" start="2025-05-13T16:04:57.196666" elapsed="16.313405">MaxRetryError: HTTPConnectionPool(host='localhost', port=4723): Max retries exceeded with url: /wd/hub/session (Caused by NewConnectionError('&lt;urllib3.connection.HTTPConnection object at 0x0000015A932D7820&gt;: Failed to establish a new connection: [WinError 10061] Nenhuma conexão pôde ser feita porque a máquina de destino as recusou ativamente'))</status>
</kw>
<kw name="Teardown Actions" owner="base" type="TEARDOWN">
<kw name="Capture Page Screenshot" owner="AppiumLibrary">
<kw name="Capture Page Screenshot" owner="AppiumLibrary">
<msg time="2025-05-13T16:05:13.511967" level="FAIL">No application is open</msg>
<doc>Takes a screenshot of the current page and embeds it into the log.</doc>
<status status="FAIL" start="2025-05-13T16:05:13.511613" elapsed="0.004004">No application is open</status>
</kw>
<msg time="2025-05-13T16:05:13.516912" level="WARN">Keyword 'Capture Page Screenshot' could not be run on failure: No application is open</msg>
<msg time="2025-05-13T16:05:13.518488" level="FAIL">No application is open</msg>
<doc>Takes a screenshot of the current page and embeds it into the log.</doc>
<status status="FAIL" start="2025-05-13T16:05:13.511299" elapsed="0.009226">No application is open</status>
</kw>
<kw name="Close Application" owner="AppiumLibrary">
<kw name="Capture Page Screenshot" owner="AppiumLibrary">
<msg time="2025-05-13T16:05:13.521389" level="FAIL">No application is open</msg>
<doc>Takes a screenshot of the current page and embeds it into the log.</doc>
<status status="FAIL" start="2025-05-13T16:05:13.521139" elapsed="0.003982">No application is open</status>
</kw>
<msg time="2025-05-13T16:05:13.527589" level="WARN">Keyword 'Capture Page Screenshot' could not be run on failure: No application is open</msg>
<msg time="2025-05-13T16:05:13.529183" level="FAIL">No application is open</msg>
<doc>Closes the current application and also close webdriver session.</doc>
<status status="FAIL" start="2025-05-13T16:05:13.520820" elapsed="0.011942">No application is open</status>
</kw>
<doc>Realiza ações de teardown, incluindo screenshot e fechamento da aplicação.</doc>
<status status="FAIL" start="2025-05-13T16:05:13.510889" elapsed="0.022204">Several failures occurred:

1) No application is open

2) No application is open</status>
</kw>
<tag>smoke</tag>
<status status="FAIL" start="2025-05-13T16:04:57.195864" elapsed="16.337905">Setup failed:
MaxRetryError: HTTPConnectionPool(host='localhost', port=4723): Max retries exceeded with url: /wd/hub/session (Caused by NewConnectionError('&lt;urllib3.connection.HTTPConnection object at 0x0000015A932D7820&gt;: Failed to establish a new connection: [WinError 10061] Nenhuma conexão pôde ser feita porque a máquina de destino as recusou ativamente'))

Also teardown failed:
Several failures occurred:

1) No application is open

2) No application is open</status>
</test>
<test id="s1-s1-s2-s1-t2" name="Não deve realizar login com e-mail inválido" line="21">
<kw name="Open Session" owner="base" type="SETUP">
<kw name="Set Appium Timeout" owner="AppiumLibrary">
<arg>15</arg>
<doc>Sets the timeout in seconds used by various keywords.</doc>
<status status="PASS" start="2025-05-13T16:05:13.537477" elapsed="0.000255"/>
</kw>
<kw name="Open Application" owner="AppiumLibrary">
<msg time="2025-05-13T16:05:17.622408" level="WARN">Retrying (Retry(total=2, connect=None, read=None, redirect=None, status=None)) after connection broken by 'NewConnectionError('&lt;urllib3.connection.HTTPConnection object at 0x0000015A9342C640&gt;: Failed to establish a new connection: [WinError 10061] Nenhuma conexão pôde ser feita porque a máquina de destino as recusou ativamente')': /wd/hub/session</msg>
<msg time="2025-05-13T16:05:21.730896" level="WARN">Retrying (Retry(total=1, connect=None, read=None, redirect=None, status=None)) after connection broken by 'NewConnectionError('&lt;urllib3.connection.HTTPConnection object at 0x0000015A9334EF90&gt;: Failed to establish a new connection: [WinError 10061] Nenhuma conexão pôde ser feita porque a máquina de destino as recusou ativamente')': /wd/hub/session</msg>
<msg time="2025-05-13T16:05:25.793112" level="WARN">Retrying (Retry(total=0, connect=None, read=None, redirect=None, status=None)) after connection broken by 'NewConnectionError('&lt;urllib3.connection.HTTPConnection object at 0x0000015A9339BAC0&gt;: Failed to establish a new connection: [WinError 10061] Nenhuma conexão pôde ser feita porque a máquina de destino as recusou ativamente')': /wd/hub/session</msg>
<kw name="Capture Page Screenshot" owner="AppiumLibrary">
<msg time="2025-05-13T16:05:29.869686" level="FAIL">No application is open</msg>
<doc>Takes a screenshot of the current page and embeds it into the log.</doc>
<status status="FAIL" start="2025-05-13T16:05:29.869357" elapsed="0.009041">No application is open</status>
</kw>
<msg time="2025-05-13T16:05:29.879436" level="WARN">Keyword 'Capture Page Screenshot' could not be run on failure: No application is open</msg>
<msg time="2025-05-13T16:05:29.881132" level="FAIL">MaxRetryError: HTTPConnectionPool(host='localhost', port=4723): Max retries exceeded with url: /wd/hub/session (Caused by NewConnectionError('&lt;urllib3.connection.HTTPConnection object at 0x0000015A9339BBD0&gt;: Failed to establish a new connection: [WinError 10061] Nenhuma conexão pôde ser feita porque a máquina de destino as recusou ativamente'))</msg>
<arg>http://localhost:4723/wd/hub</arg>
<arg>platformName=Android</arg>
<arg>platformVersion=15</arg>
<arg>deviceName=Emulator</arg>
<arg>automationName=UIAutomator2</arg>
<arg>app=${EXECDIR}/gestores/gestores-hom-0.0.2.apk</arg>
<arg>udid=emulator-5554</arg>
<arg>newCommandTimeout=3600</arg>
<arg>connectHardwareKeyboard=false</arg>
<doc>Opens a new application to given Appium server.
Capabilities of appium server, Android and iOS,
Please check https://appium.io/docs/en/2.1/cli/args/
| *Option*            | *Man.* | *Description*     |
| remote_url          | Yes    | Appium server url |
| alias               | no     | alias             |
| strict_ssl          | No     | allows you to send commands to an invalid certificate host like a self-signed one. |</doc>
<status status="FAIL" start="2025-05-13T16:05:13.537910" elapsed="16.353148">MaxRetryError: HTTPConnectionPool(host='localhost', port=4723): Max retries exceeded with url: /wd/hub/session (Caused by NewConnectionError('&lt;urllib3.connection.HTTPConnection object at 0x0000015A9339BBD0&gt;: Failed to establish a new connection: [WinError 10061] Nenhuma conexão pôde ser feita porque a máquina de destino as recusou ativamente'))</status>
</kw>
<kw name="Get Started" owner="helpers">
<status status="NOT RUN" start="2025-05-13T16:05:29.891805" elapsed="0.000139"/>
</kw>
<status status="FAIL" start="2025-05-13T16:05:13.537147" elapsed="16.354963">MaxRetryError: HTTPConnectionPool(host='localhost', port=4723): Max retries exceeded with url: /wd/hub/session (Caused by NewConnectionError('&lt;urllib3.connection.HTTPConnection object at 0x0000015A9339BBD0&gt;: Failed to establish a new connection: [WinError 10061] Nenhuma conexão pôde ser feita porque a máquina de destino as recusou ativamente'))</status>
</kw>
<kw name="Teardown Actions" owner="base" type="TEARDOWN">
<kw name="Capture Page Screenshot" owner="AppiumLibrary">
<kw name="Capture Page Screenshot" owner="AppiumLibrary">
<msg time="2025-05-13T16:05:29.894397" level="FAIL">No application is open</msg>
<doc>Takes a screenshot of the current page and embeds it into the log.</doc>
<status status="FAIL" start="2025-05-13T16:05:29.894026" elapsed="0.003865">No application is open</status>
</kw>
<msg time="2025-05-13T16:05:29.899164" level="WARN">Keyword 'Capture Page Screenshot' could not be run on failure: No application is open</msg>
<msg time="2025-05-13T16:05:29.901324" level="FAIL">No application is open</msg>
<doc>Takes a screenshot of the current page and embeds it into the log.</doc>
<status status="FAIL" start="2025-05-13T16:05:29.893629" elapsed="0.010400">No application is open</status>
</kw>
<kw name="Close Application" owner="AppiumLibrary">
<kw name="Capture Page Screenshot" owner="AppiumLibrary">
<msg time="2025-05-13T16:05:29.905087" level="FAIL">No application is open</msg>
<doc>Takes a screenshot of the current page and embeds it into the log.</doc>
<status status="FAIL" start="2025-05-13T16:05:29.904810" elapsed="0.004533">No application is open</status>
</kw>
<msg time="2025-05-13T16:05:29.910566" level="WARN">Keyword 'Capture Page Screenshot' could not be run on failure: No application is open</msg>
<msg time="2025-05-13T16:05:29.912828" level="FAIL">No application is open</msg>
<doc>Closes the current application and also close webdriver session.</doc>
<status status="FAIL" start="2025-05-13T16:05:29.904388" elapsed="0.011332">No application is open</status>
</kw>
<doc>Realiza ações de teardown, incluindo screenshot e fechamento da aplicação.</doc>
<status status="FAIL" start="2025-05-13T16:05:29.893114" elapsed="0.023087">Several failures occurred:

1) No application is open

2) No application is open</status>
</kw>
<tag>negative</tag>
<status status="FAIL" start="2025-05-13T16:05:13.536401" elapsed="16.380618">Setup failed:
MaxRetryError: HTTPConnectionPool(host='localhost', port=4723): Max retries exceeded with url: /wd/hub/session (Caused by NewConnectionError('&lt;urllib3.connection.HTTPConnection object at 0x0000015A9339BBD0&gt;: Failed to establish a new connection: [WinError 10061] Nenhuma conexão pôde ser feita porque a máquina de destino as recusou ativamente'))

Also teardown failed:
Several failures occurred:

1) No application is open

2) No application is open</status>
</test>
<test id="s1-s1-s2-s1-t3" name="Não deve realizar login com password inválido" line="34">
<kw name="Open Session" owner="base" type="SETUP">
<kw name="Set Appium Timeout" owner="AppiumLibrary">
<arg>15</arg>
<doc>Sets the timeout in seconds used by various keywords.</doc>
<status status="PASS" start="2025-05-13T16:05:29.921293" elapsed="0.000242"/>
</kw>
<kw name="Open Application" owner="AppiumLibrary">
<msg time="2025-05-13T16:05:33.986756" level="WARN">Retrying (Retry(total=2, connect=None, read=None, redirect=None, status=None)) after connection broken by 'NewConnectionError('&lt;urllib3.connection.HTTPConnection object at 0x0000015A9339A030&gt;: Failed to establish a new connection: [WinError 10061] Nenhuma conexão pôde ser feita porque a máquina de destino as recusou ativamente')': /wd/hub/session</msg>
<msg time="2025-05-13T16:05:38.044510" level="WARN">Retrying (Retry(total=1, connect=None, read=None, redirect=None, status=None)) after connection broken by 'NewConnectionError('&lt;urllib3.connection.HTTPConnection object at 0x0000015A93399480&gt;: Failed to establish a new connection: [WinError 10061] Nenhuma conexão pôde ser feita porque a máquina de destino as recusou ativamente')': /wd/hub/session</msg>
<msg time="2025-05-13T16:05:42.144562" level="WARN">Retrying (Retry(total=0, connect=None, read=None, redirect=None, status=None)) after connection broken by 'NewConnectionError('&lt;urllib3.connection.HTTPConnection object at 0x0000015A93444D10&gt;: Failed to establish a new connection: [WinError 10061] Nenhuma conexão pôde ser feita porque a máquina de destino as recusou ativamente')': /wd/hub/session</msg>
<kw name="Capture Page Screenshot" owner="AppiumLibrary">
<msg time="2025-05-13T16:05:46.245587" level="FAIL">No application is open</msg>
<doc>Takes a screenshot of the current page and embeds it into the log.</doc>
<status status="FAIL" start="2025-05-13T16:05:46.245277" elapsed="0.011636">No application is open</status>
</kw>
<msg time="2025-05-13T16:05:46.258658" level="WARN">Keyword 'Capture Page Screenshot' could not be run on failure: No application is open</msg>
<msg time="2025-05-13T16:05:46.260275" level="FAIL">MaxRetryError: HTTPConnectionPool(host='localhost', port=4723): Max retries exceeded with url: /wd/hub/session (Caused by NewConnectionError('&lt;urllib3.connection.HTTPConnection object at 0x0000015A93445040&gt;: Failed to establish a new connection: [WinError 10061] Nenhuma conexão pôde ser feita porque a máquina de destino as recusou ativamente'))</msg>
<arg>http://localhost:4723/wd/hub</arg>
<arg>platformName=Android</arg>
<arg>platformVersion=15</arg>
<arg>deviceName=Emulator</arg>
<arg>automationName=UIAutomator2</arg>
<arg>app=${EXECDIR}/gestores/gestores-hom-0.0.2.apk</arg>
<arg>udid=emulator-5554</arg>
<arg>newCommandTimeout=3600</arg>
<arg>connectHardwareKeyboard=false</arg>
<doc>Opens a new application to given Appium server.
Capabilities of appium server, Android and iOS,
Please check https://appium.io/docs/en/2.1/cli/args/
| *Option*            | *Man.* | *Description*     |
| remote_url          | Yes    | Appium server url |
| alias               | no     | alias             |
| strict_ssl          | No     | allows you to send commands to an invalid certificate host like a self-signed one. |</doc>
<status status="FAIL" start="2025-05-13T16:05:29.921711" elapsed="16.348952">MaxRetryError: HTTPConnectionPool(host='localhost', port=4723): Max retries exceeded with url: /wd/hub/session (Caused by NewConnectionError('&lt;urllib3.connection.HTTPConnection object at 0x0000015A93445040&gt;: Failed to establish a new connection: [WinError 10061] Nenhuma conexão pôde ser feita porque a máquina de destino as recusou ativamente'))</status>
</kw>
<kw name="Get Started" owner="helpers">
<status status="NOT RUN" start="2025-05-13T16:05:46.271025" elapsed="0.000112"/>
</kw>
<status status="FAIL" start="2025-05-13T16:05:29.920969" elapsed="16.350319">MaxRetryError: HTTPConnectionPool(host='localhost', port=4723): Max retries exceeded with url: /wd/hub/session (Caused by NewConnectionError('&lt;urllib3.connection.HTTPConnection object at 0x0000015A93445040&gt;: Failed to establish a new connection: [WinError 10061] Nenhuma conexão pôde ser feita porque a máquina de destino as recusou ativamente'))</status>
</kw>
<kw name="Teardown Actions" owner="base" type="TEARDOWN">
<kw name="Capture Page Screenshot" owner="AppiumLibrary">
<kw name="Capture Page Screenshot" owner="AppiumLibrary">
<msg time="2025-05-13T16:05:46.273705" level="FAIL">No application is open</msg>
<doc>Takes a screenshot of the current page and embeds it into the log.</doc>
<status status="FAIL" start="2025-05-13T16:05:46.273356" elapsed="0.004015">No application is open</status>
</kw>
<msg time="2025-05-13T16:05:46.278768" level="WARN">Keyword 'Capture Page Screenshot' could not be run on failure: No application is open</msg>
<msg time="2025-05-13T16:05:46.280879" level="FAIL">No application is open</msg>
<doc>Takes a screenshot of the current page and embeds it into the log.</doc>
<status status="FAIL" start="2025-05-13T16:05:46.272988" elapsed="0.011863">No application is open</status>
</kw>
<kw name="Close Application" owner="AppiumLibrary">
<kw name="Capture Page Screenshot" owner="AppiumLibrary">
<msg time="2025-05-13T16:05:46.285945" level="FAIL">No application is open</msg>
<doc>Takes a screenshot of the current page and embeds it into the log.</doc>
<status status="FAIL" start="2025-05-13T16:05:46.285690" elapsed="0.003764">No application is open</status>
</kw>
<msg time="2025-05-13T16:05:46.290901" level="WARN">Keyword 'Capture Page Screenshot' could not be run on failure: No application is open</msg>
<msg time="2025-05-13T16:05:46.292549" level="FAIL">No application is open</msg>
<doc>Closes the current application and also close webdriver session.</doc>
<status status="FAIL" start="2025-05-13T16:05:46.285292" elapsed="0.010013">No application is open</status>
</kw>
<doc>Realiza ações de teardown, incluindo screenshot e fechamento da aplicação.</doc>
<status status="FAIL" start="2025-05-13T16:05:46.272467" elapsed="0.023244">Several failures occurred:

1) No application is open

2) No application is open</status>
</kw>
<tag>negative</tag>
<status status="FAIL" start="2025-05-13T16:05:29.920215" elapsed="16.376176">Setup failed:
MaxRetryError: HTTPConnectionPool(host='localhost', port=4723): Max retries exceeded with url: /wd/hub/session (Caused by NewConnectionError('&lt;urllib3.connection.HTTPConnection object at 0x0000015A93445040&gt;: Failed to establish a new connection: [WinError 10061] Nenhuma conexão pôde ser feita porque a máquina de destino as recusou ativamente'))

Also teardown failed:
Several failures occurred:

1) No application is open

2) No application is open</status>
</test>
<status status="FAIL" start="2025-05-13T16:04:56.551603" elapsed="49.748016"/>
</suite>
<status status="FAIL" start="2025-05-13T16:04:56.547515" elapsed="49.755481"/>
</suite>
<status status="FAIL" start="2025-05-13T16:04:56.515128" elapsed="49.790579"/>
</suite>
<suite id="s1-s2" name="Robot Avancado" source="c:\automation\robot_avancado">
<suite id="s1-s2-s1" name="Tests" source="c:\automation\robot_avancado\tests">
<suite id="s1-s2-s1-s1" name="Argumentos" source="c:\automation\robot_avancado\tests\argumentos.robot">
<test id="s1-s2-s1-s1-t1" name="Relembrando argumentos posicionais x nomeados" line="2">
<kw name="Teste de Argumentos Básico">
<kw name="Log" owner="BuiltIn">
<msg time="2025-05-13T16:05:46.322141" level="INFO">1 - 2 - 3 - 4</msg>
<arg>${arg1} - ${arg2} - ${arg3} - ${arg4}</arg>
<doc>Logs the given message with the given level.</doc>
<status status="PASS" start="2025-05-13T16:05:46.321730" elapsed="0.001305"/>
</kw>
<arg>1</arg>
<arg>2</arg>
<arg>3</arg>
<arg>4</arg>
<status status="PASS" start="2025-05-13T16:05:46.321108" elapsed="0.002209"/>
</kw>
<kw name="Teste de Argumentos Básico">
<kw name="Log" owner="BuiltIn">
<msg time="2025-05-13T16:05:46.325417" level="INFO">4 - 3 - 2 - 1</msg>
<arg>${arg1} - ${arg2} - ${arg3} - ${arg4}</arg>
<doc>Logs the given message with the given level.</doc>
<status status="PASS" start="2025-05-13T16:05:46.325059" elapsed="0.001390"/>
</kw>
<arg>arg4=1</arg>
<arg>arg3=2</arg>
<arg>arg2=3</arg>
<arg>arg1=4</arg>
<status status="PASS" start="2025-05-13T16:05:46.324426" elapsed="0.002218"/>
</kw>
<status status="PASS" start="2025-05-13T16:05:46.320039" elapsed="0.007265"/>
</test>
<test id="s1-s2-s1-s1-t2" name="Teste de Argumentos Opcionais" line="6">
<kw name="Passando argumentos opcionais como parâmetro">
<kw name="Log" owner="BuiltIn">
<msg time="2025-05-13T16:05:46.331466" level="INFO">Nome completo: Mayara Ribeiro Fernandes</msg>
<arg>Nome completo: ${nome} ${nome_do_meio} ${ultimo_nome}</arg>
<doc>Logs the given message with the given level.</doc>
<status status="PASS" start="2025-05-13T16:05:46.331075" elapsed="0.000589"/>
</kw>
<arg>nome_do_meio=Ribeiro</arg>
<arg>ultimo_nome=Fernandes</arg>
<arg>nome=Mayara</arg>
<status status="PASS" start="2025-05-13T16:05:46.330426" elapsed="0.001527"/>
</kw>
<status status="PASS" start="2025-05-13T16:05:46.329390" elapsed="0.007298"/>
</test>
<test id="s1-s2-s1-s1-t3" name="Criando lista e dicionário via parâmetro" line="10">
<kw name="Teste Criando um Dicionário">
<kw name="Log" owner="BuiltIn">
<msg time="2025-05-13T16:05:46.353546" level="INFO">{'cpf': '111222333444', 'nome': 'Teste', 'idade': '18'}</msg>
<arg>${meu_dicionario}</arg>
<doc>Logs the given message with the given level.</doc>
<status status="PASS" start="2025-05-13T16:05:46.353039" elapsed="0.000855"/>
</kw>
<arg>cpf=111222333444</arg>
<arg>nome=Teste</arg>
<arg>idade=18</arg>
<status status="PASS" start="2025-05-13T16:05:46.352008" elapsed="0.002168"/>
</kw>
<kw name="Teste Criando uma Lista">
<kw name="Log" owner="BuiltIn">
<msg time="2025-05-13T16:05:46.373297" level="INFO">['may', 'ribeiro', 'fernandes']</msg>
<arg>${minha_lista}</arg>
<doc>Logs the given message with the given level.</doc>
<status status="PASS" start="2025-05-13T16:05:46.372834" elapsed="0.000839"/>
</kw>
<kw name="Log Many" owner="BuiltIn">
<msg time="2025-05-13T16:05:46.374528" level="INFO">may</msg>
<msg time="2025-05-13T16:05:46.374815" level="INFO">ribeiro</msg>
<msg time="2025-05-13T16:05:46.375026" level="INFO">fernandes</msg>
<arg>@{minha_lista}</arg>
<doc>Logs the given messages as separate entries using the INFO level.</doc>
<status status="PASS" start="2025-05-13T16:05:46.374074" elapsed="0.001212"/>
</kw>
<kw name="Log" owner="BuiltIn">
<msg time="2025-05-13T16:05:46.376154" level="INFO">may</msg>
<arg>${minha_lista}[0]</arg>
<doc>Logs the given message with the given level.</doc>
<status status="PASS" start="2025-05-13T16:05:46.375658" elapsed="0.000784"/>
</kw>
<arg>may</arg>
<arg>ribeiro</arg>
<arg>fernandes</arg>
<status status="PASS" start="2025-05-13T16:05:46.371968" elapsed="0.004782"/>
</kw>
<kw name="Teste Criando os dois">
<kw name="Log" owner="BuiltIn">
<msg time="2025-05-13T16:05:46.381119" level="INFO">['may', 'ribeiro', 'fernandes']
{'shell': 'True', 'env': 'False'}</msg>
<arg>${minha_lista}\n${meu_dicionario}</arg>
<doc>Logs the given message with the given level.</doc>
<status status="PASS" start="2025-05-13T16:05:46.380549" elapsed="0.000910"/>
</kw>
<arg>may</arg>
<arg>ribeiro</arg>
<arg>fernandes</arg>
<arg>shell=True</arg>
<arg>env=False</arg>
<status status="PASS" start="2025-05-13T16:05:46.379653" elapsed="0.002129"/>
</kw>
<doc>No Python é conhecido como "kwargs"</doc>
<status status="PASS" start="2025-05-13T16:05:46.346240" elapsed="0.074163"/>
</test>
<status status="PASS" start="2025-05-13T16:05:46.315777" elapsed="0.106876"/>
</suite>
<suite id="s1-s2-s1-s2" name="Database" source="c:\automation\robot_avancado\tests\database.robot">
<test id="s1-s2-s1-s2-t1" name="Exemplo 01: Executando scripts SQL via Arquivos" line="17">
<kw name="Conectar no Banco de Dados" owner="library_database" type="SETUP">
<kw name="Connect To Database" owner="DatabaseLibrary">
<msg time="2025-05-13T16:05:46.542793" level="INFO">Looking for configuration file: 'resources\db.cfg'</msg>
<msg time="2025-05-13T16:05:46.543659" level="INFO">Configuration file doesn't exist</msg>
<msg time="2025-05-13T16:05:46.568162" level="INFO">Connect to DB using : psycopg2.connect(database='postgres', user='postgres', password=***, host='localhost', port=5432)</msg>
<arg>db_module=psycopg2</arg>
<arg>db_name=postgres</arg>
<arg>db_user=postgres</arg>
<arg>db_password=1234</arg>
<arg>db_host=localhost</arg>
<arg>db_port=5432</arg>
<doc>Creates a database connection using the DB API 2.0 ``db_module`` and the parameters provided.
Along with listed commonly used arguments (`db_name`, `db_host` etc.)
you can set any other DB module specific parameters as key/value pairs.</doc>
<status status="PASS" start="2025-05-13T16:05:46.542316" elapsed="0.118606"/>
</kw>
<status status="PASS" start="2025-05-13T16:05:46.541725" elapsed="0.119463"/>
</kw>
<kw name="Drop table" owner="library_database">
<kw name="Execute Sql String" owner="DatabaseLibrary">
<msg time="2025-05-13T16:05:46.663434" level="INFO" html="true">Executing sql:&lt;br&gt;&lt;code style="font-weight: bold;"&gt;DROP TABLE IF EXISTS account CASCADE;&lt;/code&gt;</msg>
<msg time="2025-05-13T16:05:46.674019" level="INFO">Commit the transaction</msg>
<arg>DROP TABLE IF EXISTS ${TABELA} CASCADE;</arg>
<doc>Executes the ``sql_string`` as a single SQL command.</doc>
<status status="PASS" start="2025-05-13T16:05:46.662827" elapsed="0.011671"/>
</kw>
<arg>account</arg>
<status status="PASS" start="2025-05-13T16:05:46.661914" elapsed="0.012862"/>
</kw>
<kw name="Executar script via ARQUIVO no Banco de Dados" owner="library_database">
<kw name="Monta path do arquivo" owner="library_database">
<kw name="Join Path" owner="OperatingSystem">
<msg time="2025-05-13T16:05:46.677588" level="INFO">${caminho_correto} = c:\automation\robot_avancado\my_files\create_table_accounts.sql</msg>
<var>${caminho_correto}</var>
<arg>c:\\automation\\robot_avancado\\keywords\\database_Library</arg>
<arg>../..</arg>
<arg>my_files</arg>
<arg>${ARQUIVO}</arg>
<doc>Joins the given path part(s) to the given base path.</doc>
<status status="PASS" start="2025-05-13T16:05:46.677101" elapsed="0.000727"/>
</kw>
<kw name="Normalize Path" owner="OperatingSystem">
<msg time="2025-05-13T16:05:46.678729" level="INFO">${caminho_correto} = c:\automation\robot_avancado\my_files\create_table_accounts.sql</msg>
<var>${caminho_correto}</var>
<arg>${caminho_correto}</arg>
<doc>Normalizes the given path.</doc>
<status status="PASS" start="2025-05-13T16:05:46.678277" elapsed="0.000615"/>
</kw>
<kw name="Log" owner="BuiltIn">
<msg time="2025-05-13T16:05:46.679685" level="INFO">Caminho final: c:\automation\robot_avancado\my_files\create_table_accounts.sql</msg>
<arg>Caminho final: ${caminho_correto}</arg>
<doc>Logs the given message with the given level.</doc>
<status status="PASS" start="2025-05-13T16:05:46.679136" elapsed="0.000761"/>
</kw>
<kw name="File Should Exist" owner="OperatingSystem">
<msg time="2025-05-13T16:05:46.680785" level="INFO" html="true">File '&lt;a href="file://c:\automation\robot_avancado\my_files\create_table_accounts.sql"&gt;c:\automation\robot_avancado\my_files\create_table_accounts.sql&lt;/a&gt;' exists.</msg>
<arg>${caminho_correto}</arg>
<doc>Fails unless the given ``path`` points to an existing file.</doc>
<status status="PASS" start="2025-05-13T16:05:46.680118" elapsed="0.000899"/>
</kw>
<return>
<value>${caminho_correto}</value>
<status status="PASS" start="2025-05-13T16:05:46.681187" elapsed="0.000153"/>
</return>
<msg time="2025-05-13T16:05:46.681648" level="INFO">${caminho_completo} = c:\automation\robot_avancado\my_files\create_table_accounts.sql</msg>
<var>${caminho_completo}</var>
<arg>${FILE}</arg>
<status status="PASS" start="2025-05-13T16:05:46.676363" elapsed="0.005448"/>
</kw>
<kw name="Execute Sql Script" owner="DatabaseLibrary">
<msg time="2025-05-13T16:05:46.683038" level="INFO">Splitting script file into statements...</msg>
<msg time="2025-05-13T16:05:46.684801" level="INFO" html="true">Executing sql:&lt;br&gt;&lt;code style="font-weight: bold;"&gt;CREATE TABLE account( user_id serial PRIMARY KEY, username VARCHAR (50) UNIQUE NOT NULL, password VARCHAR (50) NOT NULL, email VARCHAR (355) UNIQUE NOT NULL )&lt;/code&gt;</msg>
<msg time="2025-05-13T16:05:46.725678" level="INFO">Commit the transaction</msg>
<arg>${caminho_completo}</arg>
<doc>Executes the content of the SQL script file loaded from `script_path` as SQL commands.</doc>
<status status="PASS" start="2025-05-13T16:05:46.682223" elapsed="0.045466"/>
</kw>
<arg>create_table_accounts.sql</arg>
<status status="PASS" start="2025-05-13T16:05:46.675640" elapsed="0.052436"/>
</kw>
<kw name="Executar script via ARQUIVO no Banco de Dados" owner="library_database">
<kw name="Monta path do arquivo" owner="library_database">
<kw name="Join Path" owner="OperatingSystem">
<msg time="2025-05-13T16:05:46.730897" level="INFO">${caminho_correto} = c:\automation\robot_avancado\my_files\insert_into_account.sql</msg>
<var>${caminho_correto}</var>
<arg>c:\\automation\\robot_avancado\\keywords\\database_Library</arg>
<arg>../..</arg>
<arg>my_files</arg>
<arg>${ARQUIVO}</arg>
<doc>Joins the given path part(s) to the given base path.</doc>
<status status="PASS" start="2025-05-13T16:05:46.730492" elapsed="0.000588"/>
</kw>
<kw name="Normalize Path" owner="OperatingSystem">
<msg time="2025-05-13T16:05:46.731831" level="INFO">${caminho_correto} = c:\automation\robot_avancado\my_files\insert_into_account.sql</msg>
<var>${caminho_correto}</var>
<arg>${caminho_correto}</arg>
<doc>Normalizes the given path.</doc>
<status status="PASS" start="2025-05-13T16:05:46.731452" elapsed="0.000580"/>
</kw>
<kw name="Log" owner="BuiltIn">
<msg time="2025-05-13T16:05:46.732948" level="INFO">Caminho final: c:\automation\robot_avancado\my_files\insert_into_account.sql</msg>
<arg>Caminho final: ${caminho_correto}</arg>
<doc>Logs the given message with the given level.</doc>
<status status="PASS" start="2025-05-13T16:05:46.732431" elapsed="0.000828"/>
</kw>
<kw name="File Should Exist" owner="OperatingSystem">
<msg time="2025-05-13T16:05:46.734622" level="INFO" html="true">File '&lt;a href="file://c:\automation\robot_avancado\my_files\insert_into_account.sql"&gt;c:\automation\robot_avancado\my_files\insert_into_account.sql&lt;/a&gt;' exists.</msg>
<arg>${caminho_correto}</arg>
<doc>Fails unless the given ``path`` points to an existing file.</doc>
<status status="PASS" start="2025-05-13T16:05:46.733593" elapsed="0.001474"/>
</kw>
<return>
<value>${caminho_correto}</value>
<status status="PASS" start="2025-05-13T16:05:46.735422" elapsed="0.000246"/>
</return>
<msg time="2025-05-13T16:05:46.736251" level="INFO">${caminho_completo} = c:\automation\robot_avancado\my_files\insert_into_account.sql</msg>
<var>${caminho_completo}</var>
<arg>${FILE}</arg>
<status status="PASS" start="2025-05-13T16:05:46.729861" elapsed="0.006686"/>
</kw>
<kw name="Execute Sql Script" owner="DatabaseLibrary">
<msg time="2025-05-13T16:05:46.737553" level="INFO">Splitting script file into statements...</msg>
<msg time="2025-05-13T16:05:46.738245" level="INFO" html="true">Executing sql:&lt;br&gt;&lt;code style="font-weight: bold;"&gt;INSERT INTO account (username, password, email) VALUES ('Anderson', 'robotrobotrei', 'testeepassou@robot.com')&lt;/code&gt;</msg>
<msg time="2025-05-13T16:05:46.749128" level="INFO">Commit the transaction</msg>
<arg>${caminho_completo}</arg>
<doc>Executes the content of the SQL script file loaded from `script_path` as SQL commands.</doc>
<status status="PASS" start="2025-05-13T16:05:46.736957" elapsed="0.013179"/>
</kw>
<arg>insert_into_account.sql</arg>
<status status="PASS" start="2025-05-13T16:05:46.728977" elapsed="0.021572"/>
</kw>
<kw name="Confere se &quot;Anderson&quot; foi inserido com sucesso" owner="library_database" source_name="Confere se &quot;${USER}&quot; foi inserido com sucesso">
<kw name="Row Count" owner="DatabaseLibrary">
<msg time="2025-05-13T16:05:46.778387" level="INFO" html="true">Executing sql:&lt;br&gt;&lt;code style="font-weight: bold;"&gt;SELECT username FROM account WHERE username = 'Anderson'&lt;/code&gt;</msg>
<msg time="2025-05-13T16:05:46.783208" level="INFO">Commit the transaction</msg>
<msg time="2025-05-13T16:05:46.783725" level="INFO">Retrieved 1 rows</msg>
<msg time="2025-05-13T16:05:46.784075" level="INFO" html="true">&lt;div style="max-width: 100%; overflow-x: auto;"&gt;&lt;table style="width: auto; border-collapse: collapse; border: 2px solid rgb(140 140 140)"&gt;&lt;caption style="text-align: left; font-weight: bold; padding: 5px;"&gt;Query returned 1 rows&lt;/caption&gt;&lt;tr&gt;&lt;th scope="col" style="color:black; background-color: #d6ecd4; border: 1px solid rgb(160 160 160);padding: 8px 10px;text-align: center;"&gt;Row&lt;/th&gt;&lt;th scope="col" style="background-color: #505050; color: #fff;border: 1px solid rgb(160 160 160);padding: 8px 10px;text-align: center;"&gt;username&lt;/th&gt;&lt;/tr&gt;&lt;tr style="background-color: var(--secondary-color, #eee)"&gt;&lt;th scope="row" style="color:black; background-color: #d6ecd4;border: 1px solid rgb(160 160 160);padding: 8px 10px;text-align: center;"&gt;0&lt;/th&gt;&lt;td style="border: 1px solid rgb(160 160 160);padding: 8px 10px;text-align: center;"&gt;Anderson&lt;/td&gt;&lt;/tr&gt;&lt;/table&gt;&lt;/div&gt;</msg>
<msg time="2025-05-13T16:05:46.784507" level="INFO">${count} = 1</msg>
<var>${count}</var>
<arg>SELECT username FROM account WHERE username = '${USER}'</arg>
<doc>Runs a query with the ``select_statement`` and returns the number of rows in the result.</doc>
<status status="PASS" start="2025-05-13T16:05:46.777995" elapsed="0.006727"/>
</kw>
<kw name="Should Be True" owner="BuiltIn">
<arg>${count} &gt; 0</arg>
<arg>msg=O usuário ${USER} não foi encontrado!</arg>
<doc>Fails if the given condition is not true.</doc>
<status status="PASS" start="2025-05-13T16:05:46.785111" elapsed="0.000810"/>
</kw>
<status status="PASS" start="2025-05-13T16:05:46.777288" elapsed="0.008955"/>
</kw>
<kw name="Desconectar do Banco de Dados" owner="library_database" type="TEARDOWN">
<kw name="Disconnect From Database" owner="DatabaseLibrary">
<doc>Disconnects from the database.</doc>
<status status="PASS" start="2025-05-13T16:05:46.789748" elapsed="0.000598"/>
</kw>
<status status="PASS" start="2025-05-13T16:05:46.788997" elapsed="0.001725"/>
</kw>
<tag>arquivo</tag>
<tag>sql</tag>
<status status="PASS" start="2025-05-13T16:05:46.541013" elapsed="0.250439"/>
</test>
<test id="s1-s2-s1-s2-t2" name="Exemplo 02: Executando scripts SQL via STRING" line="25">
<kw name="Conectar no Banco de Dados" owner="library_database" type="SETUP">
<kw name="Connect To Database" owner="DatabaseLibrary">
<msg time="2025-05-13T16:05:46.796677" level="INFO">Looking for configuration file: 'resources\db.cfg'</msg>
<msg time="2025-05-13T16:05:46.797175" level="INFO">Configuration file doesn't exist</msg>
<msg time="2025-05-13T16:05:46.798050" level="INFO">Connect to DB using : psycopg2.connect(database='postgres', user='postgres', password=***, host='localhost', port=5432)</msg>
<arg>db_module=psycopg2</arg>
<arg>db_name=postgres</arg>
<arg>db_user=postgres</arg>
<arg>db_password=1234</arg>
<arg>db_host=localhost</arg>
<arg>db_port=5432</arg>
<doc>Creates a database connection using the DB API 2.0 ``db_module`` and the parameters provided.
Along with listed commonly used arguments (`db_name`, `db_host` etc.)
you can set any other DB module specific parameters as key/value pairs.</doc>
<status status="PASS" start="2025-05-13T16:05:46.795766" elapsed="0.087676"/>
</kw>
<status status="PASS" start="2025-05-13T16:05:46.794951" elapsed="0.088824"/>
</kw>
<kw name="Limpar Tabela" owner="library_database">
<kw name="Row Count" owner="DatabaseLibrary">
<msg time="2025-05-13T16:05:46.885582" level="INFO" html="true">Executing sql:&lt;br&gt;&lt;code style="font-weight: bold;"&gt;SELECT * FROM account&lt;/code&gt;</msg>
<msg time="2025-05-13T16:05:46.889808" level="INFO">Commit the transaction</msg>
<msg time="2025-05-13T16:05:46.890345" level="INFO">Retrieved 1 rows</msg>
<msg time="2025-05-13T16:05:46.890643" level="INFO" html="true">&lt;div style="max-width: 100%; overflow-x: auto;"&gt;&lt;table style="width: auto; border-collapse: collapse; border: 2px solid rgb(140 140 140)"&gt;&lt;caption style="text-align: left; font-weight: bold; padding: 5px;"&gt;Query returned 1 rows&lt;/caption&gt;&lt;tr&gt;&lt;th scope="col" style="color:black; background-color: #d6ecd4; border: 1px solid rgb(160 160 160);padding: 8px 10px;text-align: center;"&gt;Row&lt;/th&gt;&lt;th scope="col" style="background-color: #505050; color: #fff;border: 1px solid rgb(160 160 160);padding: 8px 10px;text-align: center;"&gt;user_id&lt;/th&gt;&lt;th scope="col" style="background-color: #505050; color: #fff;border: 1px solid rgb(160 160 160);padding: 8px 10px;text-align: center;"&gt;username&lt;/th&gt;&lt;th scope="col" style="background-color: #505050; color: #fff;border: 1px solid rgb(160 160 160);padding: 8px 10px;text-align: center;"&gt;password&lt;/th&gt;&lt;th scope="col" style="background-color: #505050; color: #fff;border: 1px solid rgb(160 160 160);padding: 8px 10px;text-align: center;"&gt;email&lt;/th&gt;&lt;/tr&gt;&lt;tr style="background-color: var(--secondary-color, #eee)"&gt;&lt;th scope="row" style="color:black; background-color: #d6ecd4;border: 1px solid rgb(160 160 160);padding: 8px 10px;text-align: center;"&gt;0&lt;/th&gt;&lt;td style="border: 1px solid rgb(160 160 160);padding: 8px 10px;text-align: center;"&gt;1&lt;/td&gt;&lt;td style="border: 1px solid rgb(160 160 160);padding: 8px 10px;text-align: center;"&gt;Anderson&lt;/td&gt;&lt;td style="border: 1px solid rgb(160 160 160);padding: 8px 10px;text-align: center;"&gt;robotrobotrei&lt;/td&gt;&lt;td style="border: 1px solid rgb(160 160 160);padding: 8px 10px;text-align: center;"&gt;testeepassou@robot.com&lt;/td&gt;&lt;/tr&gt;&lt;/table&gt;&lt;/div&gt;</msg>
<msg time="2025-05-13T16:05:46.891261" level="INFO">${REGISTROS} = 1</msg>
<var>${REGISTROS}</var>
<arg>SELECT * FROM ${TABELA}</arg>
<doc>Runs a query with the ``select_statement`` and returns the number of rows in the result.</doc>
<status status="PASS" start="2025-05-13T16:05:46.885215" elapsed="0.006371"/>
</kw>
<kw name="Run Keyword If" owner="BuiltIn">
<kw name="Delete All Rows From Table" owner="DatabaseLibrary">
<msg time="2025-05-13T16:05:46.893517" level="INFO" html="true">Executing sql:&lt;br&gt;&lt;code style="font-weight: bold;"&gt;DELETE FROM account&lt;/code&gt;</msg>
<msg time="2025-05-13T16:05:46.894996" level="INFO">Commit the transaction</msg>
<arg>${TABELA}</arg>
<doc>Deletes all rows from table with ``table_name``.</doc>
<status status="PASS" start="2025-05-13T16:05:46.893085" elapsed="0.003440"/>
</kw>
<arg>${REGISTROS} &gt; 0</arg>
<arg>Delete All Rows From Table</arg>
<arg>${TABELA}</arg>
<doc>Runs the given keyword with the given arguments, if ``condition`` is true.</doc>
<status status="PASS" start="2025-05-13T16:05:46.892171" elapsed="0.004654"/>
</kw>
<arg>account</arg>
<status status="PASS" start="2025-05-13T16:05:46.884609" elapsed="0.012513"/>
</kw>
<kw name="Executar script via STRING no Banco de Dados" owner="library_database">
<kw name="Execute Sql String" owner="DatabaseLibrary">
<msg time="2025-05-13T16:05:46.899139" level="INFO" html="true">Executing sql:&lt;br&gt;&lt;code style="font-weight: bold;"&gt;INSERT INTO public.account(username, password, email) VALUES ('Oliveira', 'robot9878', 'robotizando8@robot.com')&lt;/code&gt;</msg>
<msg time="2025-05-13T16:05:46.900851" level="INFO">Commit the transaction</msg>
<arg>${SCRIPT}</arg>
<doc>Executes the ``sql_string`` as a single SQL command.</doc>
<status status="PASS" start="2025-05-13T16:05:46.898615" elapsed="0.002978"/>
</kw>
<arg>INSERT INTO public.account(username, password, email) VALUES ('Oliveira', 'robot9878', 'robotizando8@robot.com')</arg>
<status status="PASS" start="2025-05-13T16:05:46.897890" elapsed="0.004056"/>
</kw>
<kw name="Confere se &quot;Oliveira&quot; foi inserido com sucesso" owner="library_database" source_name="Confere se &quot;${USER}&quot; foi inserido com sucesso">
<kw name="Row Count" owner="DatabaseLibrary">
<msg time="2025-05-13T16:05:46.903790" level="INFO" html="true">Executing sql:&lt;br&gt;&lt;code style="font-weight: bold;"&gt;SELECT username FROM account WHERE username = 'Oliveira'&lt;/code&gt;</msg>
<msg time="2025-05-13T16:05:46.905590" level="INFO">Commit the transaction</msg>
<msg time="2025-05-13T16:05:46.906164" level="INFO">Retrieved 1 rows</msg>
<msg time="2025-05-13T16:05:46.906625" level="INFO" html="true">&lt;div style="max-width: 100%; overflow-x: auto;"&gt;&lt;table style="width: auto; border-collapse: collapse; border: 2px solid rgb(140 140 140)"&gt;&lt;caption style="text-align: left; font-weight: bold; padding: 5px;"&gt;Query returned 1 rows&lt;/caption&gt;&lt;tr&gt;&lt;th scope="col" style="color:black; background-color: #d6ecd4; border: 1px solid rgb(160 160 160);padding: 8px 10px;text-align: center;"&gt;Row&lt;/th&gt;&lt;th scope="col" style="background-color: #505050; color: #fff;border: 1px solid rgb(160 160 160);padding: 8px 10px;text-align: center;"&gt;username&lt;/th&gt;&lt;/tr&gt;&lt;tr style="background-color: var(--secondary-color, #eee)"&gt;&lt;th scope="row" style="color:black; background-color: #d6ecd4;border: 1px solid rgb(160 160 160);padding: 8px 10px;text-align: center;"&gt;0&lt;/th&gt;&lt;td style="border: 1px solid rgb(160 160 160);padding: 8px 10px;text-align: center;"&gt;Oliveira&lt;/td&gt;&lt;/tr&gt;&lt;/table&gt;&lt;/div&gt;</msg>
<msg time="2025-05-13T16:05:46.907100" level="INFO">${count} = 1</msg>
<var>${count}</var>
<arg>SELECT username FROM account WHERE username = '${USER}'</arg>
<doc>Runs a query with the ``select_statement`` and returns the number of rows in the result.</doc>
<status status="PASS" start="2025-05-13T16:05:46.903331" elapsed="0.003985"/>
</kw>
<kw name="Should Be True" owner="BuiltIn">
<arg>${count} &gt; 0</arg>
<arg>msg=O usuário ${USER} não foi encontrado!</arg>
<doc>Fails if the given condition is not true.</doc>
<status status="PASS" start="2025-05-13T16:05:46.907666" elapsed="0.000701"/>
</kw>
<status status="PASS" start="2025-05-13T16:05:46.902657" elapsed="0.006013"/>
</kw>
<kw name="Desconectar do Banco de Dados" owner="library_database" type="TEARDOWN">
<kw name="Disconnect From Database" owner="DatabaseLibrary">
<doc>Disconnects from the database.</doc>
<status status="PASS" start="2025-05-13T16:05:46.910294" elapsed="0.000530"/>
</kw>
<status status="PASS" start="2025-05-13T16:05:46.909563" elapsed="0.001572"/>
</kw>
<tag>sql</tag>
<tag>string</tag>
<status status="PASS" start="2025-05-13T16:05:46.793460" elapsed="0.118865"/>
</test>
<test id="s1-s2-s1-s2-t3" name="Exemplo 03: Select Statement" line="32">
<kw name="Conectar no Banco de Dados" owner="library_database" type="SETUP">
<kw name="Connect To Database" owner="DatabaseLibrary">
<msg time="2025-05-13T16:05:46.917308" level="INFO">Looking for configuration file: 'resources\db.cfg'</msg>
<msg time="2025-05-13T16:05:46.917775" level="INFO">Configuration file doesn't exist</msg>
<msg time="2025-05-13T16:05:46.918807" level="INFO">Connect to DB using : psycopg2.connect(database='postgres', user='postgres', password=***, host='localhost', port=5432)</msg>
<arg>db_module=psycopg2</arg>
<arg>db_name=postgres</arg>
<arg>db_user=postgres</arg>
<arg>db_password=1234</arg>
<arg>db_host=localhost</arg>
<arg>db_port=5432</arg>
<doc>Creates a database connection using the DB API 2.0 ``db_module`` and the parameters provided.
Along with listed commonly used arguments (`db_name`, `db_host` etc.)
you can set any other DB module specific parameters as key/value pairs.</doc>
<status status="PASS" start="2025-05-13T16:05:46.916523" elapsed="0.070856"/>
</kw>
<status status="PASS" start="2025-05-13T16:05:46.915699" elapsed="0.071937"/>
</kw>
<kw name="Executar query no Banco de dados" owner="library_database">
<kw name="Query" owner="DatabaseLibrary">
<msg time="2025-05-13T16:05:46.989302" level="INFO" html="true">Executing sql:&lt;br&gt;&lt;code style="font-weight: bold;"&gt;SELECT * from account&lt;/code&gt;</msg>
<msg time="2025-05-13T16:05:46.993651" level="INFO">Commit the transaction</msg>
<msg time="2025-05-13T16:05:46.994111" level="INFO" html="true">&lt;div style="max-width: 100%; overflow-x: auto;"&gt;&lt;table style="width: auto; border-collapse: collapse; border: 2px solid rgb(140 140 140)"&gt;&lt;caption style="text-align: left; font-weight: bold; padding: 5px;"&gt;Query returned 1 rows&lt;/caption&gt;&lt;tr&gt;&lt;th scope="col" style="color:black; background-color: #d6ecd4; border: 1px solid rgb(160 160 160);padding: 8px 10px;text-align: center;"&gt;Row&lt;/th&gt;&lt;th scope="col" style="background-color: #505050; color: #fff;border: 1px solid rgb(160 160 160);padding: 8px 10px;text-align: center;"&gt;user_id&lt;/th&gt;&lt;th scope="col" style="background-color: #505050; color: #fff;border: 1px solid rgb(160 160 160);padding: 8px 10px;text-align: center;"&gt;username&lt;/th&gt;&lt;th scope="col" style="background-color: #505050; color: #fff;border: 1px solid rgb(160 160 160);padding: 8px 10px;text-align: center;"&gt;password&lt;/th&gt;&lt;th scope="col" style="background-color: #505050; color: #fff;border: 1px solid rgb(160 160 160);padding: 8px 10px;text-align: center;"&gt;email&lt;/th&gt;&lt;/tr&gt;&lt;tr style="background-color: var(--secondary-color, #eee)"&gt;&lt;th scope="row" style="color:black; background-color: #d6ecd4;border: 1px solid rgb(160 160 160);padding: 8px 10px;text-align: center;"&gt;0&lt;/th&gt;&lt;td style="border: 1px solid rgb(160 160 160);padding: 8px 10px;text-align: center;"&gt;2&lt;/td&gt;&lt;td style="border: 1px solid rgb(160 160 160);padding: 8px 10px;text-align: center;"&gt;Oliveira&lt;/td&gt;&lt;td style="border: 1px solid rgb(160 160 160);padding: 8px 10px;text-align: center;"&gt;robot9878&lt;/td&gt;&lt;td style="border: 1px solid rgb(160 160 160);padding: 8px 10px;text-align: center;"&gt;robotizando8@robot.com&lt;/td&gt;&lt;/tr&gt;&lt;/table&gt;&lt;/div&gt;</msg>
<msg time="2025-05-13T16:05:46.994675" level="INFO">${RESPONSE_QUERY} = [(2, 'Oliveira', 'robot9878', 'robotizando8@robot.com')]</msg>
<var>${RESPONSE_QUERY}</var>
<arg>${QUERY}</arg>
<doc>Runs a query with the ``select_statement`` and returns the result as list of rows.
The type of row values depends on the database module -
usually they are tuples or tuple-like objects.</doc>
<status status="PASS" start="2025-05-13T16:05:46.988912" elapsed="0.006031"/>
</kw>
<return>
<value>${RESPONSE_QUERY}</value>
<status status="PASS" start="2025-05-13T16:05:46.995194" elapsed="0.000171"/>
</return>
<msg time="2025-05-13T16:05:46.995753" level="INFO">${RESPONSE_QUERY} = [(2, 'Oliveira', 'robot9878', 'robotizando8@robot.com')]</msg>
<var>${RESPONSE_QUERY}</var>
<arg>SELECT * from account</arg>
<status status="PASS" start="2025-05-13T16:05:46.988287" elapsed="0.008428"/>
</kw>
<kw name="Log" owner="BuiltIn">
<msg time="2025-05-13T16:05:46.997874" level="INFO">[(2, 'Oliveira', 'robot9878', 'robotizando8@robot.com')]</msg>
<arg>${RESPONSE_QUERY}</arg>
<doc>Logs the given message with the given level.</doc>
<status status="PASS" start="2025-05-13T16:05:46.997547" elapsed="0.000633"/>
</kw>
<kw name="Log" owner="BuiltIn">
<msg time="2025-05-13T16:05:47.000915" level="INFO">Usuário 2 - Nome: Oliveira - E-mail: robotizando8@robot.com</msg>
<arg>Usuário ${RESPONSE_QUERY[0][0]} - Nome: ${RESPONSE_QUERY[0][1]} - E-mail: ${RESPONSE_QUERY[0][3]}</arg>
<doc>Logs the given message with the given level.</doc>
<status status="PASS" start="2025-05-13T16:05:46.998902" elapsed="0.002318"/>
</kw>
<kw name="Desconectar do Banco de Dados" owner="library_database" type="TEARDOWN">
<kw name="Disconnect From Database" owner="DatabaseLibrary">
<doc>Disconnects from the database.</doc>
<status status="PASS" start="2025-05-13T16:05:47.002782" elapsed="0.000474"/>
</kw>
<status status="PASS" start="2025-05-13T16:05:47.001963" elapsed="0.001635"/>
</kw>
<tag>select</tag>
<tag>sql</tag>
<status status="PASS" start="2025-05-13T16:05:46.914467" elapsed="0.090116"/>
</test>
<test id="s1-s2-s1-s2-t4" name="Exemplo 04: Limpando Tabelas" line="40">
<kw name="Conectar no Banco de Dados" owner="library_database" type="SETUP">
<kw name="Connect To Database" owner="DatabaseLibrary">
<msg time="2025-05-13T16:05:47.009666" level="INFO">Looking for configuration file: 'resources\db.cfg'</msg>
<msg time="2025-05-13T16:05:47.010123" level="INFO">Configuration file doesn't exist</msg>
<msg time="2025-05-13T16:05:47.010871" level="INFO">Connect to DB using : psycopg2.connect(database='postgres', user='postgres', password=***, host='localhost', port=5432)</msg>
<arg>db_module=psycopg2</arg>
<arg>db_name=postgres</arg>
<arg>db_user=postgres</arg>
<arg>db_password=1234</arg>
<arg>db_host=localhost</arg>
<arg>db_port=5432</arg>
<doc>Creates a database connection using the DB API 2.0 ``db_module`` and the parameters provided.
Along with listed commonly used arguments (`db_name`, `db_host` etc.)
you can set any other DB module specific parameters as key/value pairs.</doc>
<status status="PASS" start="2025-05-13T16:05:47.009049" elapsed="0.068637"/>
</kw>
<status status="PASS" start="2025-05-13T16:05:47.008404" elapsed="0.069557"/>
</kw>
<kw name="Drop table" owner="library_database">
<kw name="Execute Sql String" owner="DatabaseLibrary">
<msg time="2025-05-13T16:05:47.079719" level="INFO" html="true">Executing sql:&lt;br&gt;&lt;code style="font-weight: bold;"&gt;DROP TABLE IF EXISTS account CASCADE;&lt;/code&gt;</msg>
<msg time="2025-05-13T16:05:47.087472" level="INFO">Commit the transaction</msg>
<arg>DROP TABLE IF EXISTS ${TABELA} CASCADE;</arg>
<doc>Executes the ``sql_string`` as a single SQL command.</doc>
<status status="PASS" start="2025-05-13T16:05:47.079240" elapsed="0.017192"/>
</kw>
<arg>account</arg>
<status status="PASS" start="2025-05-13T16:05:47.078576" elapsed="0.018169"/>
</kw>
<kw name="Executar script via ARQUIVO no Banco de Dados" owner="library_database">
<kw name="Monta path do arquivo" owner="library_database">
<kw name="Join Path" owner="OperatingSystem">
<msg time="2025-05-13T16:05:47.099117" level="INFO">${caminho_correto} = c:\automation\robot_avancado\my_files\create_table_accounts.sql</msg>
<var>${caminho_correto}</var>
<arg>c:\\automation\\robot_avancado\\keywords\\database_Library</arg>
<arg>../..</arg>
<arg>my_files</arg>
<arg>${ARQUIVO}</arg>
<doc>Joins the given path part(s) to the given base path.</doc>
<status status="PASS" start="2025-05-13T16:05:47.098588" elapsed="0.000782"/>
</kw>
<kw name="Normalize Path" owner="OperatingSystem">
<msg time="2025-05-13T16:05:47.100198" level="INFO">${caminho_correto} = c:\automation\robot_avancado\my_files\create_table_accounts.sql</msg>
<var>${caminho_correto}</var>
<arg>${caminho_correto}</arg>
<doc>Normalizes the given path.</doc>
<status status="PASS" start="2025-05-13T16:05:47.099721" elapsed="0.000719"/>
</kw>
<kw name="Log" owner="BuiltIn">
<msg time="2025-05-13T16:05:47.101226" level="INFO">Caminho final: c:\automation\robot_avancado\my_files\create_table_accounts.sql</msg>
<arg>Caminho final: ${caminho_correto}</arg>
<doc>Logs the given message with the given level.</doc>
<status status="PASS" start="2025-05-13T16:05:47.100829" elapsed="0.000574"/>
</kw>
<kw name="File Should Exist" owner="OperatingSystem">
<msg time="2025-05-13T16:05:47.102199" level="INFO" html="true">File '&lt;a href="file://c:\automation\robot_avancado\my_files\create_table_accounts.sql"&gt;c:\automation\robot_avancado\my_files\create_table_accounts.sql&lt;/a&gt;' exists.</msg>
<arg>${caminho_correto}</arg>
<doc>Fails unless the given ``path`` points to an existing file.</doc>
<status status="PASS" start="2025-05-13T16:05:47.101604" elapsed="0.000932"/>
</kw>
<return>
<value>${caminho_correto}</value>
<status status="PASS" start="2025-05-13T16:05:47.102708" elapsed="0.000204"/>
</return>
<msg time="2025-05-13T16:05:47.103334" level="INFO">${caminho_completo} = c:\automation\robot_avancado\my_files\create_table_accounts.sql</msg>
<var>${caminho_completo}</var>
<arg>${FILE}</arg>
<status status="PASS" start="2025-05-13T16:05:47.097882" elapsed="0.005731"/>
</kw>
<kw name="Execute Sql Script" owner="DatabaseLibrary">
<msg time="2025-05-13T16:05:47.104935" level="INFO">Splitting script file into statements...</msg>
<msg time="2025-05-13T16:05:47.105393" level="INFO" html="true">Executing sql:&lt;br&gt;&lt;code style="font-weight: bold;"&gt;CREATE TABLE account( user_id serial PRIMARY KEY, username VARCHAR (50) UNIQUE NOT NULL, password VARCHAR (50) NOT NULL, email VARCHAR (355) UNIQUE NOT NULL )&lt;/code&gt;</msg>
<msg time="2025-05-13T16:05:47.128316" level="INFO">Commit the transaction</msg>
<arg>${caminho_completo}</arg>
<doc>Executes the content of the SQL script file loaded from `script_path` as SQL commands.</doc>
<status status="PASS" start="2025-05-13T16:05:47.104096" elapsed="0.025087"/>
</kw>
<arg>create_table_accounts.sql</arg>
<status status="PASS" start="2025-05-13T16:05:47.097302" elapsed="0.032153"/>
</kw>
<kw name="Limpar Tabela" owner="library_database">
<kw name="Row Count" owner="DatabaseLibrary">
<msg time="2025-05-13T16:05:47.131226" level="INFO" html="true">Executing sql:&lt;br&gt;&lt;code style="font-weight: bold;"&gt;SELECT * FROM account&lt;/code&gt;</msg>
<msg time="2025-05-13T16:05:47.135277" level="INFO">Commit the transaction</msg>
<msg time="2025-05-13T16:05:47.135695" level="INFO">Retrieved 0 rows</msg>
<msg time="2025-05-13T16:05:47.135965" level="INFO" html="true">&lt;div style="max-width: 100%; overflow-x: auto;"&gt;&lt;table style="width: auto; border-collapse: collapse; border: 2px solid rgb(140 140 140)"&gt;&lt;caption style="text-align: left; font-weight: bold; padding: 5px;"&gt;Query returned 0 rows&lt;/caption&gt;&lt;tr&gt;&lt;th scope="col" style="color:black; background-color: #d6ecd4; border: 1px solid rgb(160 160 160);padding: 8px 10px;text-align: center;"&gt;Row&lt;/th&gt;&lt;th scope="col" style="background-color: #505050; color: #fff;border: 1px solid rgb(160 160 160);padding: 8px 10px;text-align: center;"&gt;user_id&lt;/th&gt;&lt;th scope="col" style="background-color: #505050; color: #fff;border: 1px solid rgb(160 160 160);padding: 8px 10px;text-align: center;"&gt;username&lt;/th&gt;&lt;th scope="col" style="background-color: #505050; color: #fff;border: 1px solid rgb(160 160 160);padding: 8px 10px;text-align: center;"&gt;password&lt;/th&gt;&lt;th scope="col" style="background-color: #505050; color: #fff;border: 1px solid rgb(160 160 160);padding: 8px 10px;text-align: center;"&gt;email&lt;/th&gt;&lt;/tr&gt;&lt;/table&gt;&lt;/div&gt;</msg>
<msg time="2025-05-13T16:05:47.136466" level="INFO">${REGISTROS} = 0</msg>
<var>${REGISTROS}</var>
<arg>SELECT * FROM ${TABELA}</arg>
<doc>Runs a query with the ``select_statement`` and returns the number of rows in the result.</doc>
<status status="PASS" start="2025-05-13T16:05:47.130800" elapsed="0.005894"/>
</kw>
<kw name="Run Keyword If" owner="BuiltIn">
<arg>${REGISTROS} &gt; 0</arg>
<arg>Delete All Rows From Table</arg>
<arg>${TABELA}</arg>
<doc>Runs the given keyword with the given arguments, if ``condition`` is true.</doc>
<status status="PASS" start="2025-05-13T16:05:47.137061" elapsed="0.000461"/>
</kw>
<arg>account</arg>
<status status="PASS" start="2025-05-13T16:05:47.130122" elapsed="0.007641"/>
</kw>
<kw name="Executar script via STRING no Banco de Dados" owner="library_database">
<kw name="Execute Sql String" owner="DatabaseLibrary">
<msg time="2025-05-13T16:05:47.139725" level="INFO" html="true">Executing sql:&lt;br&gt;&lt;code style="font-weight: bold;"&gt;DROP table account&lt;/code&gt;</msg>
<msg time="2025-05-13T16:05:47.142589" level="INFO">Commit the transaction</msg>
<arg>${SCRIPT}</arg>
<doc>Executes the ``sql_string`` as a single SQL command.</doc>
<status status="PASS" start="2025-05-13T16:05:47.139314" elapsed="0.012775"/>
</kw>
<arg>DROP table account</arg>
<status status="PASS" start="2025-05-13T16:05:47.138722" elapsed="0.013782"/>
</kw>
<kw name="Desconectar do Banco de Dados" owner="library_database" type="TEARDOWN">
<kw name="Disconnect From Database" owner="DatabaseLibrary">
<doc>Disconnects from the database.</doc>
<status status="PASS" start="2025-05-13T16:05:47.187475" elapsed="0.000574"/>
</kw>
<status status="PASS" start="2025-05-13T16:05:47.186814" elapsed="0.001511"/>
</kw>
<tag>limpar</tag>
<tag>sql</tag>
<status status="PASS" start="2025-05-13T16:05:47.006841" elapsed="0.182209"/>
</test>
<doc>[14/10/2019] https://franz-see.github.io/Robotframework-Database-Library/api/1.2.2/DatabaseLibrary.html
Instale: "pip install -U robotframework-databaselibrary"
Para acessar o BD o Robot precisa conhecer o DRIVER de cada banco, então precisamos instalar esse DRIVER também (instale apenas para o BD que você utiliza!) ...
Para PostgreSQL: "pip install psycopg2"
Para SQLite 3: não precisa instalar nada!
Para MySQL: "pip install pymysql"
Para SQL Server: "pip install pymssql"
Para Oracle: "pip install cx-Oracle"</doc>
<status status="PASS" start="2025-05-13T16:05:46.425392" elapsed="0.766138"/>
</suite>
<suite id="s1-s2-s1-s3" name="Date Time" source="c:\automation\robot_avancado\tests\date_time.robot">
<test id="s1-s2-s1-s3-t1" name="Exemplo 01: Pegando data e hora atuais" line="6">
<kw name="Teste pegando data atual">
<kw name="Get Current Date" owner="DateTime">
<msg time="2025-05-13T16:05:47.207830" level="INFO">${AGORA} = 13-05-25</msg>
<var>${AGORA}</var>
<arg>result_format=%d-%m-%y</arg>
<doc>Returns current local or UTC time with an optional increment.</doc>
<status status="PASS" start="2025-05-13T16:05:47.207464" elapsed="0.001127"/>
</kw>
<kw name="Log" owner="BuiltIn">
<msg time="2025-05-13T16:05:47.209132" level="INFO">Data atual: 13-05-25</msg>
<arg>Data atual: ${AGORA}</arg>
<doc>Logs the given message with the given level.</doc>
<status status="PASS" start="2025-05-13T16:05:47.208857" elapsed="0.000456"/>
</kw>
<status status="PASS" start="2025-05-13T16:05:47.207044" elapsed="0.002418"/>
</kw>
<kw name="Teste pegando data e hora atuais">
<kw name="Get Current Date" owner="DateTime">
<msg time="2025-05-13T16:05:47.211445" level="INFO">${AGORA} = 2025-05-13T16:05:47</msg>
<var>${AGORA}</var>
<arg>result_format=%Y-%m-%dT%H:%M:%S</arg>
<doc>Returns current local or UTC time with an optional increment.</doc>
<status status="PASS" start="2025-05-13T16:05:47.210900" elapsed="0.000825"/>
</kw>
<kw name="Log" owner="BuiltIn">
<msg time="2025-05-13T16:05:47.212230" level="INFO">2025-05-13T16:05:47</msg>
<arg>${AGORA}</arg>
<doc>Logs the given message with the given level.</doc>
<status status="PASS" start="2025-05-13T16:05:47.211994" elapsed="0.001021"/>
</kw>
<status status="PASS" start="2025-05-13T16:05:47.210118" elapsed="0.003081"/>
</kw>
<kw name="Teste pegando ano - mês - dia separadamente">
<kw name="Get Current Date" owner="DateTime">
<msg time="2025-05-13T16:05:47.214608" level="INFO">${HOJE} = 2025-05-13 16:05:47.214</msg>
<var>${HOJE}</var>
<doc>Returns current local or UTC time with an optional increment.</doc>
<status status="PASS" start="2025-05-13T16:05:47.214292" elapsed="0.000464"/>
</kw>
<kw name="Convert Date" owner="DateTime">
<msg time="2025-05-13T16:05:47.226635" level="INFO">${HOJE} = 2025-05-13 16:05:47.214000</msg>
<var>${HOJE}</var>
<arg>${HOJE}</arg>
<arg>datetime</arg>
<doc>Converts between supported `date formats`.</doc>
<status status="PASS" start="2025-05-13T16:05:47.215037" elapsed="0.011800"/>
</kw>
<kw name="Log" owner="BuiltIn">
<msg time="2025-05-13T16:05:47.228182" level="INFO">13-5-2025</msg>
<arg>${HOJE.day}-${HOJE.month}-${HOJE.year}</arg>
<doc>Logs the given message with the given level.</doc>
<status status="PASS" start="2025-05-13T16:05:47.227065" elapsed="0.001407"/>
</kw>
<status status="PASS" start="2025-05-13T16:05:47.213815" elapsed="0.014953"/>
</kw>
<status status="PASS" start="2025-05-13T16:05:47.204192" elapsed="0.025213"/>
</test>
<test id="s1-s2-s1-s3-t2" name="Exemplo 02: Manipulando o tempo" line="11">
<kw name="Trabalhando com tempo">
<kw name="Convert Time" owner="DateTime">
<msg time="2025-05-13T16:05:47.232411" level="INFO">${HORA} = 90.0</msg>
<var>${HORA}</var>
<arg>1 minute 30 seconds</arg>
<doc>Converts between supported `time formats`.</doc>
<status status="PASS" start="2025-05-13T16:05:47.232056" elapsed="0.000560"/>
</kw>
<kw name="Log" owner="BuiltIn">
<msg time="2025-05-13T16:05:47.233312" level="INFO">São 90.0 segundos em 1 minuto e 30 segundos!</msg>
<arg>São ${HORA} segundos em 1 minuto e 30 segundos!</arg>
<doc>Logs the given message with the given level.</doc>
<status status="PASS" start="2025-05-13T16:05:47.232957" elapsed="0.000523"/>
</kw>
<kw name="Convert Time" owner="DateTime">
<msg time="2025-05-13T16:05:47.234023" level="INFO">${HORA} = 1 hour 30 minutes</msg>
<var>${HORA}</var>
<arg>5400</arg>
<arg>verbose</arg>
<doc>Converts between supported `time formats`.</doc>
<status status="PASS" start="2025-05-13T16:05:47.233680" elapsed="0.000561"/>
</kw>
<kw name="Log" owner="BuiltIn">
<msg time="2025-05-13T16:05:47.234764" level="INFO">5400 segundos é 1 hour 30 minutes!</msg>
<arg>5400 segundos é ${HORA}!</arg>
<doc>Logs the given message with the given level.</doc>
<status status="PASS" start="2025-05-13T16:05:47.234474" elapsed="0.000461"/>
</kw>
<kw name="Convert Time" owner="DateTime">
<msg time="2025-05-13T16:05:47.235454" level="INFO">${HORA} = 01:31:40</msg>
<var>${HORA}</var>
<arg>5500</arg>
<arg>timer</arg>
<arg>exclude_millis=yes</arg>
<doc>Converts between supported `time formats`.</doc>
<status status="PASS" start="2025-05-13T16:05:47.235125" elapsed="0.000448"/>
</kw>
<kw name="Log" owner="BuiltIn">
<msg time="2025-05-13T16:05:47.236133" level="INFO">5500 segundos é 01:31:40!</msg>
<arg>5500 segundos é ${HORA}!</arg>
<doc>Logs the given message with the given level.</doc>
<status status="PASS" start="2025-05-13T16:05:47.235757" elapsed="0.000597"/>
</kw>
<status status="PASS" start="2025-05-13T16:05:47.231669" elapsed="0.004937"/>
</kw>
<status status="PASS" start="2025-05-13T16:05:47.230767" elapsed="0.006341"/>
</test>
<test id="s1-s2-s1-s3-t3" name="Exemplo 03: Cálculos com data" line="14">
<kw name="Adicionando tempo de data">
<kw name="Get Current Date" owner="DateTime">
<msg time="2025-05-13T16:05:47.240382" level="INFO">${ANTES} = 2025-05-13 16:05:47.240</msg>
<var>${ANTES}</var>
<doc>Returns current local or UTC time with an optional increment.</doc>
<status status="PASS" start="2025-05-13T16:05:47.239909" elapsed="0.000715"/>
</kw>
<kw name="Add Time To Date" owner="DateTime">
<msg time="2025-05-13T16:05:47.241710" level="INFO">${DEPOIS} = 13-05-2025 20:05:47</msg>
<var>${DEPOIS}</var>
<arg>${ANTES}</arg>
<arg>4 hours</arg>
<arg>result_format=%d-%m-%Y %H:%M:%S</arg>
<doc>Adds time to date and returns the resulting date.</doc>
<status status="PASS" start="2025-05-13T16:05:47.240954" elapsed="0.001105"/>
</kw>
<kw name="Log" owner="BuiltIn">
<msg time="2025-05-13T16:05:47.242862" level="INFO">Antes: 2025-05-13 16:05:47.240 - Depois: 13-05-2025 20:05:47</msg>
<arg>Antes: ${ANTES} - Depois: ${DEPOIS}</arg>
<doc>Logs the given message with the given level.</doc>
<status status="PASS" start="2025-05-13T16:05:47.242423" elapsed="0.000701"/>
</kw>
<kw name="Get Current Date" owner="DateTime">
<msg time="2025-05-13T16:05:47.243819" level="INFO">${ANTES} = 2025-05-13 16:05:47.244</msg>
<var>${ANTES}</var>
<doc>Returns current local or UTC time with an optional increment.</doc>
<status status="PASS" start="2025-05-13T16:05:47.243414" elapsed="0.000619"/>
</kw>
<kw name="Add Time To Date" owner="DateTime">
<msg time="2025-05-13T16:05:47.244906" level="INFO">${DEPOIS} = 13-05-2027 16:05:47</msg>
<var>${DEPOIS}</var>
<arg>${ANTES}</arg>
<arg>730 days</arg>
<arg>result_format=%d-%m-%Y %H:%M:%S</arg>
<doc>Adds time to date and returns the resulting date.</doc>
<status status="PASS" start="2025-05-13T16:05:47.244328" elapsed="0.000712"/>
</kw>
<kw name="Log To Console" owner="BuiltIn">
<arg>Antes: ${ANTES} - Depois: ${DEPOIS}</arg>
<doc>Logs the given message to the console.</doc>
<status status="PASS" start="2025-05-13T16:05:47.245252" elapsed="0.000479"/>
</kw>
<status status="PASS" start="2025-05-13T16:05:47.239361" elapsed="0.006632"/>
</kw>
<kw name="Subtraindo tempo de data">
<kw name="Get Current Date" owner="DateTime">
<msg time="2025-05-13T16:05:47.247430" level="INFO">${ANTES} = 2025-05-13 16:05:47.247</msg>
<var>${ANTES}</var>
<doc>Returns current local or UTC time with an optional increment.</doc>
<status status="PASS" start="2025-05-13T16:05:47.247114" elapsed="0.000490"/>
</kw>
<kw name="Subtract Time From Date" owner="DateTime">
<msg time="2025-05-13T16:05:47.248441" level="INFO">${DEPOIS} = 13-05-2025 15:40:47</msg>
<var>${DEPOIS}</var>
<arg>${ANTES}</arg>
<arg>25 minutes</arg>
<arg>result_format=%d-%m-%Y %H:%M:%S</arg>
<doc>Subtracts time from date and returns the resulting date.</doc>
<status status="PASS" start="2025-05-13T16:05:47.247828" elapsed="0.000755"/>
</kw>
<kw name="Log" owner="BuiltIn">
<msg time="2025-05-13T16:05:47.249085" level="INFO">Antes: 2025-05-13 16:05:47.247 - Depois: 13-05-2025 15:40:47</msg>
<arg>Antes: ${ANTES} - Depois: ${DEPOIS}</arg>
<doc>Logs the given message with the given level.</doc>
<status status="PASS" start="2025-05-13T16:05:47.248828" elapsed="0.000442"/>
</kw>
<kw name="Get Current Date" owner="DateTime">
<msg time="2025-05-13T16:05:47.249752" level="INFO">${ANTES} = 2025-05-13 16:05:47.250</msg>
<var>${ANTES}</var>
<doc>Returns current local or UTC time with an optional increment.</doc>
<status status="PASS" start="2025-05-13T16:05:47.249473" elapsed="0.000439"/>
</kw>
<kw name="Subtract Time From Date" owner="DateTime">
<msg time="2025-05-13T16:05:47.250576" level="INFO">${DEPOIS} = 11-05-2025 16:05:47</msg>
<var>${DEPOIS}</var>
<arg>${ANTES}</arg>
<arg>2 days</arg>
<arg>result_format=%d-%m-%Y %H:%M:%S</arg>
<doc>Subtracts time from date and returns the resulting date.</doc>
<status status="PASS" start="2025-05-13T16:05:47.250108" elapsed="0.000738"/>
</kw>
<kw name="Log" owner="BuiltIn">
<msg time="2025-05-13T16:05:47.251455" level="INFO">Antes-2 dias: 2025-05-13 16:05:47.250 - Depois-2dias: 11-05-2025 16:05:47</msg>
<arg>Antes-2 dias: ${ANTES} - Depois-2dias: ${DEPOIS}</arg>
<doc>Logs the given message with the given level.</doc>
<status status="PASS" start="2025-05-13T16:05:47.251106" elapsed="0.000515"/>
</kw>
<status status="PASS" start="2025-05-13T16:05:47.246693" elapsed="0.005062"/>
</kw>
<status status="PASS" start="2025-05-13T16:05:47.238484" elapsed="0.014159"/>
</test>
<doc>http://robotframework.org/robotframework/latest/libraries/DateTime.html</doc>
<status status="PASS" start="2025-05-13T16:05:47.194711" elapsed="0.059917"/>
</suite>
<suite id="s1-s2-s1-s4" name="Diff File" source="c:\automation\robot_avancado\tests\diff_file.robot">
<test id="s1-s2-s1-s4-t1" name="Comparar Arquivos" line="11">
<kw name="Monta path do arquivo" owner="library_database">
<kw name="Join Path" owner="OperatingSystem">
<msg time="2025-05-13T16:05:47.283677" level="INFO">${caminho_correto} = c:\automation\robot_avancado\my_files\arquivo_TEXTO.txt</msg>
<var>${caminho_correto}</var>
<arg>c:\\automation\\robot_avancado\\keywords\\database_Library</arg>
<arg>../..</arg>
<arg>my_files</arg>
<arg>${ARQUIVO}</arg>
<doc>Joins the given path part(s) to the given base path.</doc>
<status status="PASS" start="2025-05-13T16:05:47.283374" elapsed="0.000485"/>
</kw>
<kw name="Normalize Path" owner="OperatingSystem">
<msg time="2025-05-13T16:05:47.284777" level="INFO">${caminho_correto} = c:\automation\robot_avancado\my_files\arquivo_TEXTO.txt</msg>
<var>${caminho_correto}</var>
<arg>${caminho_correto}</arg>
<doc>Normalizes the given path.</doc>
<status status="PASS" start="2025-05-13T16:05:47.284313" elapsed="0.000680"/>
</kw>
<kw name="Log" owner="BuiltIn">
<msg time="2025-05-13T16:05:47.285464" level="INFO">Caminho final: c:\automation\robot_avancado\my_files\arquivo_TEXTO.txt</msg>
<arg>Caminho final: ${caminho_correto}</arg>
<doc>Logs the given message with the given level.</doc>
<status status="PASS" start="2025-05-13T16:05:47.285230" elapsed="0.000399"/>
</kw>
<kw name="File Should Exist" owner="OperatingSystem">
<msg time="2025-05-13T16:05:47.286479" level="INFO" html="true">File '&lt;a href="file://c:\automation\robot_avancado\my_files\arquivo_TEXTO.txt"&gt;c:\automation\robot_avancado\my_files\arquivo_TEXTO.txt&lt;/a&gt;' exists.</msg>
<arg>${caminho_correto}</arg>
<doc>Fails unless the given ``path`` points to an existing file.</doc>
<status status="PASS" start="2025-05-13T16:05:47.285804" elapsed="0.000907"/>
</kw>
<return>
<value>${caminho_correto}</value>
<status status="PASS" start="2025-05-13T16:05:47.286852" elapsed="0.000113"/>
</return>
<msg time="2025-05-13T16:05:47.287203" level="INFO">${file1} = c:\automation\robot_avancado\my_files\arquivo_TEXTO.txt</msg>
<var>${file1}</var>
<arg>arquivo_TEXTO.txt</arg>
<status status="PASS" start="2025-05-13T16:05:47.282939" elapsed="0.004850"/>
</kw>
<kw name="Monta path do arquivo" owner="library_database">
<kw name="Join Path" owner="OperatingSystem">
<msg time="2025-05-13T16:05:47.289516" level="INFO">${caminho_correto} = c:\automation\robot_avancado\my_files\arquivo_TEXTO_2.txt</msg>
<var>${caminho_correto}</var>
<arg>c:\\automation\\robot_avancado\\keywords\\database_Library</arg>
<arg>../..</arg>
<arg>my_files</arg>
<arg>${ARQUIVO}</arg>
<doc>Joins the given path part(s) to the given base path.</doc>
<status status="PASS" start="2025-05-13T16:05:47.289203" elapsed="0.000457"/>
</kw>
<kw name="Normalize Path" owner="OperatingSystem">
<msg time="2025-05-13T16:05:47.290150" level="INFO">${caminho_correto} = c:\automation\robot_avancado\my_files\arquivo_TEXTO_2.txt</msg>
<var>${caminho_correto}</var>
<arg>${caminho_correto}</arg>
<doc>Normalizes the given path.</doc>
<status status="PASS" start="2025-05-13T16:05:47.289870" elapsed="0.000396"/>
</kw>
<kw name="Log" owner="BuiltIn">
<msg time="2025-05-13T16:05:47.290745" level="INFO">Caminho final: c:\automation\robot_avancado\my_files\arquivo_TEXTO_2.txt</msg>
<arg>Caminho final: ${caminho_correto}</arg>
<doc>Logs the given message with the given level.</doc>
<status status="PASS" start="2025-05-13T16:05:47.290506" elapsed="0.000396"/>
</kw>
<kw name="File Should Exist" owner="OperatingSystem">
<msg time="2025-05-13T16:05:47.291667" level="INFO" html="true">File '&lt;a href="file://c:\automation\robot_avancado\my_files\arquivo_TEXTO_2.txt"&gt;c:\automation\robot_avancado\my_files\arquivo_TEXTO_2.txt&lt;/a&gt;' exists.</msg>
<arg>${caminho_correto}</arg>
<doc>Fails unless the given ``path`` points to an existing file.</doc>
<status status="PASS" start="2025-05-13T16:05:47.291072" elapsed="0.000990"/>
</kw>
<return>
<value>${caminho_correto}</value>
<status status="PASS" start="2025-05-13T16:05:47.292606" elapsed="0.000199"/>
</return>
<msg time="2025-05-13T16:05:47.293203" level="INFO">${file2} = c:\automation\robot_avancado\my_files\arquivo_TEXTO_2.txt</msg>
<var>${file2}</var>
<arg>arquivo_TEXTO_2.txt</arg>
<status status="PASS" start="2025-05-13T16:05:47.288713" elapsed="0.004647"/>
</kw>
<kw name="Compare file" owner="diff_library">
<kw name="Diff Files" owner="DiffLibrary">
<msg time="2025-05-13T16:05:47.295613" level="INFO">file1: c:\automation\robot_avancado\my_files\arquivo_TEXTO.txt</msg>
<msg time="2025-05-13T16:05:47.302790" level="INFO">file2: c:\automation\robot_avancado\my_files\arquivo_TEXTO_2.txt</msg>
<msg time="2025-05-13T16:05:47.303348" level="INFO">C:\Python313\Lib\site-packages\DiffLibrary\bin\diff\diff.exe --strip-trailing-cr  "c:\automation\robot_avancado\my_files\arquivo_TEXTO.txt" "c:\automation\robot_avancado\my_files\arquivo_TEXTO_2.txt"</msg>
<msg time="2025-05-13T16:05:47.575406" level="INFO">${diff_file} = None</msg>
<var>${diff_file}</var>
<arg>file1=${file1}</arg>
<arg>file2=${file2}</arg>
<arg>fail=${True}</arg>
<doc>Diff two text files</doc>
<status status="PASS" start="2025-05-13T16:05:47.294899" elapsed="0.280725"/>
</kw>
<return>
<value>${diff_file}</value>
<status status="PASS" start="2025-05-13T16:05:47.575862" elapsed="0.000181"/>
</return>
<arg>${file1}</arg>
<arg>${file2}</arg>
<status status="PASS" start="2025-05-13T16:05:47.294024" elapsed="0.282297"/>
</kw>
<tag>diff</tag>
<status status="PASS" start="2025-05-13T16:05:47.281854" elapsed="0.295317"/>
</test>
<doc>https://marketsquare.github.io/robotframework-difflibrary/
https://github.com/MarketSquare/robotframework-difflibrary
Instale: "pip install -U robotframework-difflibrary"</doc>
<status status="PASS" start="2025-05-13T16:05:47.257650" elapsed="0.321152"/>
</suite>
<suite id="s1-s2-s1-s5" name="Esperas" source="c:\automation\robot_avancado\tests\esperas.robot">
<test id="s1-s2-s1-s5-t1" name="Exemplo 01: Teste lidando com o timeout do teste" line="8">
<kw name="Simular espera do teste">
<kw name="Sleep" owner="BuiltIn">
<msg time="2025-05-13T16:05:47.587123" level="FAIL">ValueError: Invalid time string '0,5s'.</msg>
<arg>${TEMPO}</arg>
<doc>Pauses the test executed for the given time.</doc>
<status status="FAIL" start="2025-05-13T16:05:47.585806" elapsed="0.003797">ValueError: Invalid time string '0,5s'.</status>
</kw>
<arg>0,5s</arg>
<status status="FAIL" start="2025-05-13T16:05:47.585434" elapsed="0.004561">ValueError: Invalid time string '0,5s'.</status>
</kw>
<kw name="Teardown do meu teste" type="TEARDOWN">
<kw name="Run Keyword If Timeout Occurred" owner="BuiltIn">
<arg>Log</arg>
<arg>Esse teste demorou demais, possível problema de performance!</arg>
<doc>Runs the given keyword if either a test or a keyword timeout has occurred.</doc>
<status status="PASS" start="2025-05-13T16:05:47.591455" elapsed="0.000217"/>
</kw>
<status status="PASS" start="2025-05-13T16:05:47.590986" elapsed="0.000916"/>
</kw>
<timeout value="1 second"/>
<status status="FAIL" start="2025-05-13T16:05:47.584808" elapsed="0.007597">ValueError: Invalid time string '0,5s'.</status>
</test>
<test id="s1-s2-s1-s5-t2" name="Exemplo 02: Teste de espera" line="12">
<kw name="Esperar uma keyword obter sucesso!">
<kw name="Wait Until Keyword Succeeds" owner="BuiltIn">
<kw name="Essa keyword só passa se estivermos no segundo 15!">
<kw name="Get Current Date" owner="DateTime">
<msg time="2025-05-13T16:05:47.597621" level="INFO">${HORA_ATUAL} = 2025-05-13 16:05:47.597</msg>
<var>${HORA_ATUAL}</var>
<doc>Returns current local or UTC time with an optional increment.</doc>
<status status="PASS" start="2025-05-13T16:05:47.596742" elapsed="0.001038"/>
</kw>
<kw name="Convert Date" owner="DateTime">
<msg time="2025-05-13T16:05:47.599620" level="INFO">${HORA_ATUAL} = 2025-05-13 16:05:47.597000</msg>
<var>${HORA_ATUAL}</var>
<arg>${HORA_ATUAL}</arg>
<arg>datetime</arg>
<doc>Converts between supported `date formats`.</doc>
<status status="PASS" start="2025-05-13T16:05:47.598161" elapsed="0.001712"/>
</kw>
<kw name="Log" owner="BuiltIn">
<msg time="2025-05-13T16:05:47.602097" level="INFO">Hora atual: 16
Minuto atual: 5
Segundo atual: 47</msg>
<arg>Hora atual: ${HORA_ATUAL.hour}\nMinuto atual: ${HORA_ATUAL.minute}\nSegundo atual: ${HORA_ATUAL.second}</arg>
<doc>Logs the given message with the given level.</doc>
<status status="PASS" start="2025-05-13T16:05:47.600137" elapsed="0.002168"/>
</kw>
<kw name="Run Keyword If" owner="BuiltIn">
<kw name="Fail" owner="BuiltIn">
<msg time="2025-05-13T16:05:47.604154" level="FAIL">Ainda não estamos no segundo 15!!</msg>
<arg>msg=Ainda não estamos no segundo 15!!</arg>
<doc>Fails the test with the given message and optionally alters its tags.</doc>
<status status="FAIL" start="2025-05-13T16:05:47.603207" elapsed="0.001174">Ainda não estamos no segundo 15!!</status>
</kw>
<arg>"${HORA_ATUAL.second}"!="15"</arg>
<arg>Fail</arg>
<arg>msg=Ainda não estamos no segundo 15!!</arg>
<doc>Runs the given keyword with the given arguments, if ``condition`` is true.</doc>
<status status="FAIL" start="2025-05-13T16:05:47.602531" elapsed="0.002017">Ainda não estamos no segundo 15!!</status>
</kw>
<status status="FAIL" start="2025-05-13T16:05:47.596222" elapsed="0.008527">Ainda não estamos no segundo 15!!</status>
</kw>
<kw name="Essa keyword só passa se estivermos no segundo 15!">
<kw name="Get Current Date" owner="DateTime">
<msg time="2025-05-13T16:05:48.606983" level="INFO">${HORA_ATUAL} = 2025-05-13 16:05:48.607</msg>
[...]
</test>
<test id="s1-s2-s1-s7-t9" name="Tabuada do 0 ao 10" line="46">
<tag>robot:exit</tag>
<tag>tabuada_loop</tag>
<status status="FAIL" start="2025-05-13T16:06:16.050205" elapsed="0.000953">Test execution stopped due to a fatal error.</status>
</test>
<test id="s1-s2-s1-s7-t10" name="Tabuada de um valor" line="50">
<tag>robot:exit</tag>
<tag>tabuada</tag>
<status status="FAIL" start="2025-05-13T16:06:16.052827" elapsed="0.000698">Test execution stopped due to a fatal error.</status>
</test>
<status status="FAIL" start="2025-05-13T16:06:16.022220" elapsed="0.033129"/>
</suite>
<suite id="s1-s2-s1-s8" name="myLibrary" source="c:\automation\robot_avancado\tests\myLibrary.robot">
<test id="s1-s2-s1-s8-t1" name="Teste de conversão de string para HASH sha256" line="7">
<tag>robot:exit</tag>
<status status="FAIL" start="2025-05-13T16:06:16.059204" elapsed="0.000781">Test execution stopped due to a fatal error.</status>
</test>
<test id="s1-s2-s1-s8-t2" name="Teste de conversão de arquivo para HASH sha256" line="10">
<tag>robot:exit</tag>
<status status="FAIL" start="2025-05-13T16:06:16.061578" elapsed="0.000812">Test execution stopped due to a fatal error.</status>
</test>
<status status="FAIL" start="2025-05-13T16:06:16.057602" elapsed="0.006560"/>
</suite>
<suite id="s1-s2-s1-s9" name="Operating System" source="c:\automation\robot_avancado\tests\operating_system.robot">
<test id="s1-s2-s1-s9-t1" name="Exemplo 01: Criando arquivos" line="6">
<tag>robot:exit</tag>
<status status="FAIL" start="2025-05-13T16:06:16.067209" elapsed="0.000670">Test execution stopped due to a fatal error.</status>
</test>
<test id="s1-s2-s1-s9-t2" name="Exemplo 02: Copiando arquivos" line="10">
<tag>robot:exit</tag>
<status status="FAIL" start="2025-05-13T16:06:16.069575" elapsed="0.000860">Test execution stopped due to a fatal error.</status>
</test>
<test id="s1-s2-s1-s9-t3" name="Exemplo 03: Lendo meu arquivo" line="13">
<tag>robot:exit</tag>
<status status="FAIL" start="2025-05-13T16:06:16.072204" elapsed="0.000930">Test execution stopped due to a fatal error.</status>
</test>
<test id="s1-s2-s1-s9-t4" name="Exemplo 04: Excluindo arquivos" line="17">
<tag>robot:exit</tag>
<status status="FAIL" start="2025-05-13T16:06:16.074939" elapsed="0.000638">Test execution stopped due to a fatal error.</status>
</test>
<doc>http://robotframework.org/robotframework/latest/libraries/OperatingSystem.html</doc>
<status status="FAIL" start="2025-05-13T16:06:16.065824" elapsed="0.011292"/>
</suite>
<suite id="s1-s2-s1-s10" name="Process" source="c:\automation\robot_avancado\tests\process.robot">
<test id="s1-s2-s1-s10-t1" name="Exemplo 01: Abrindo programas" line="7">
<tag>robot:exit</tag>
<status status="FAIL" start="2025-05-13T16:06:16.080415" elapsed="0.000766">Test execution stopped due to a fatal error.</status>
</test>
<test id="s1-s2-s1-s10-t2" name="Exemplo 02: Executando e aguardando scripts/programas" line="10">
<tag>robot:exit</tag>
<status status="FAIL" start="2025-05-13T16:06:16.082758" elapsed="0.000837">Test execution stopped due to a fatal error.</status>
</test>
<test id="s1-s2-s1-s10-t3" name="Exemplo 03: Execute comandos de prompt" line="14">
<tag>robot:exit</tag>
<status status="FAIL" start="2025-05-13T16:06:16.085133" elapsed="0.000887">Test execution stopped due to a fatal error.</status>
</test>
<doc>http://robotframework.org/robotframework/latest/libraries/Process.html</doc>
<status status="FAIL" start="2025-05-13T16:06:16.079140" elapsed="0.008621"/>
</suite>
<suite id="s1-s2-s1-s11" name="String" source="c:\automation\robot_avancado\tests\string.robot">
<test id="s1-s2-s1-s11-t1" name="Exemplo 01: Lidando com linhas de um texto String" line="7">
<tag>robot:exit</tag>
<status status="FAIL" start="2025-05-13T16:06:16.091998" elapsed="0.000648">Test execution stopped due to a fatal error.</status>
</test>
<test id="s1-s2-s1-s11-t2" name="Exemplo 02: Manipulando a String" line="13">
<tag>robot:exit</tag>
<status status="FAIL" start="2025-05-13T16:06:16.094420" elapsed="0.012251">Test execution stopped due to a fatal error.</status>
</test>
<doc>http://robotframework.org/robotframework/latest/libraries/String.html</doc>
<status status="FAIL" start="2025-05-13T16:06:16.090704" elapsed="0.037949"/>
</suite>
<suite id="s1-s2-s1-s12" name="Teardowns" source="c:\automation\robot_avancado\tests\teardowns.robot">
<test id="s1-s2-s1-s12-t1" name="Exemplo 01: Teste lidando com Suite e Test Teardowns" line="18">
<tag>robot:exit</tag>
<status status="FAIL" start="2025-05-13T16:06:16.137334" elapsed="0.000974">Test execution stopped due to a fatal error.</status>
</test>
<test id="s1-s2-s1-s12-t2" name="Exemplo 02: Teste lidando com Suite e Test Teardowns" line="23">
<tag>robot:exit</tag>
<status status="FAIL" start="2025-05-13T16:06:16.140056" elapsed="0.000890">Test execution stopped due to a fatal error.</status>
</test>
<test id="s1-s2-s1-s12-t3" name="Exemplo 03: Teste lidando com Suite e Test Teardowns" line="30">
<tag>robot:exit</tag>
<status status="FAIL" start="2025-05-13T16:06:16.142627" elapsed="0.000954">Test execution stopped due to a fatal error.</status>
</test>
<test id="s1-s2-s1-s12-t4" name="Exemplo 04: Teste lidando com Suite e Test Teardowns" line="35">
<tag>robot:exit</tag>
<status status="FAIL" start="2025-05-13T16:06:16.145101" elapsed="0.000706">Test execution stopped due to a fatal error.</status>
</test>
<status status="FAIL" start="2025-05-13T16:06:16.131459" elapsed="0.017393"/>
</suite>
<status status="FAIL" start="2025-05-13T16:05:46.311601" elapsed="29.844198"/>
</suite>
<status status="FAIL" start="2025-05-13T16:05:46.308839" elapsed="29.849452"/>
</suite>
<suite id="s1-s3" name="Scrubin" source="c:\automation\scrubin">
<suite id="s1-s3-s1" name="Backup" source="c:\automation\scrubin\backup">
<suite id="s1-s3-s1-s1" name="Hello" source="c:\automation\scrubin\backup\hello.robot">
<test id="s1-s3-s1-s1-t1" name="Deve retornar a mensagem de boas vindas" line="5">
<tag>robot:exit</tag>
<status status="FAIL" start="2025-05-13T16:06:16.165131" elapsed="0.000941">Test execution stopped due to a fatal error.</status>
</test>
<status status="FAIL" start="2025-05-13T16:06:16.163500" elapsed="0.004268"/>
</suite>
<status status="FAIL" start="2025-05-13T16:06:16.162056" elapsed="0.007456"/>
</suite>
<suite id="s1-s3-s2" name="Home" source="c:\automation\scrubin\home.robot">
<test id="s1-s3-s2-t1" name="Deve abrir a tela principal" line="10">
<tag>robot:exit</tag>
<status status="FAIL" start="2025-05-13T16:06:16.173011" elapsed="0.000796">Test execution stopped due to a fatal error.</status>
</test>
<status status="FAIL" start="2025-05-13T16:06:16.171550" elapsed="0.004292"/>
</suite>
<status status="FAIL" start="2025-05-13T16:06:16.160854" elapsed="0.017165"/>
</suite>
<suite id="s1-s4" name="Web Robotfranework" source="c:\automation\web_robotfranework">
<suite id="s1-s4-s1" name="SuiteSiteTestePracticePO antes de refatorar" source="c:\automation\web_robotfranework\SuiteSiteTestePracticePO_antes_de_refatorar">
<suite id="s1-s4-s1-s1" name="Tests" source="c:\automation\web_robotfranework\SuiteSiteTestePracticePO_antes_de_refatorar\tests">
<suite id="s1-s4-s1-s1-s1" name="TestSitePractice" source="c:\automation\web_robotfranework\SuiteSiteTestePracticePO_antes_de_refatorar\tests\TestSitePractice.robot">
<test id="s1-s4-s1-s1-s1-t1" name="Caso de Teste com PO 01: Remover Produtos do Carrinho" line="7">
<tag>robot:exit</tag>
<status status="FAIL" start="2025-05-13T16:06:16.185370" elapsed="0.001092">Test execution stopped due to a fatal error.</status>
</test>
<status status="FAIL" start="2025-05-13T16:06:16.183663" elapsed="0.004651"/>
</suite>
<status status="FAIL" start="2025-05-13T16:06:16.182104" elapsed="0.009042"/>
</suite>
<status status="FAIL" start="2025-05-13T16:06:16.181072" elapsed="0.012907"/>
</suite>
<status status="FAIL" start="2025-05-13T16:06:16.179894" elapsed="0.015984"/>
</suite>
<status status="FAIL" start="2025-05-13T16:04:56.482150" elapsed="79.715762"/>
</suite>
<statistics>
<total>
<stat pass="13" fail="35" skip="0">All Tests</stat>
</total>
<tag>
<stat info="combined" combined="NOT robot:exit" pass="13" fail="5" skip="0">NOT robot:exit</stat>
<stat pass="1" fail="0" skip="0">arquivo</stat>
<stat pass="1" fail="0" skip="0">diff</stat>
<stat pass="0" fail="1" skip="0">expressao</stat>
<stat pass="0" fail="1" skip="0">for_aninhado</stat>
<stat pass="0" fail="2" skip="0">for_list</stat>
<stat pass="0" fail="1" skip="0">intervalo</stat>
<stat pass="0" fail="1" skip="0">limite</stat>
<stat pass="1" fail="0" skip="0">limpar</stat>
<stat pass="0" fail="2" skip="0">negative</stat>
<stat pass="0" fail="1" skip="0">new_for</stat>
<stat pass="0" fail="1" skip="0">range</stat>
<stat pass="1" fail="0" skip="0">select</stat>
<stat pass="0" fail="1" skip="0">smoke</stat>
<stat pass="4" fail="0" skip="0">sql</stat>
<stat pass="1" fail="0" skip="0">string</stat>
<stat pass="0" fail="1" skip="0">tabuada</stat>
<stat pass="0" fail="1" skip="0">tabuada_loop</stat>
</tag>
<suite>
<stat name="Automation" id="s1" pass="13" fail="35" skip="0">Automation</stat>
<stat name="Automation Mobile Appium Robotframework" id="s1-s1" pass="1" fail="3" skip="0">Automation.Automation Mobile Appium Robotframework</stat>
<stat name="Backup" id="s1-s1-s1" pass="1" fail="0" skip="0">Automation.Automation Mobile Appium Robotframework.Backup</stat>
<stat name="Hello" id="s1-s1-s1-s1" pass="1" fail="0" skip="0">Automation.Automation Mobile Appium Robotframework.Backup.Hello</stat>
<stat name="Tests" id="s1-s1-s2" pass="0" fail="3" skip="0">Automation.Automation Mobile Appium Robotframework.Tests</stat>
<stat name="Login" id="s1-s1-s2-s1" pass="0" fail="3" skip="0">Automation.Automation Mobile Appium Robotframework.Tests.Login</stat>
<stat name="Robot Avancado" id="s1-s2" pass="12" fail="29" skip="0">Automation.Robot Avancado</stat>
<stat name="Tests" id="s1-s2-s1" pass="12" fail="29" skip="0">Automation.Robot Avancado.Tests</stat>
<stat name="Argumentos" id="s1-s2-s1-s1" pass="3" fail="0" skip="0">Automation.Robot Avancado.Tests.Argumentos</stat>
<stat name="Database" id="s1-s2-s1-s2" pass="4" fail="0" skip="0">Automation.Robot Avancado.Tests.Database</stat>
<stat name="Date Time" id="s1-s2-s1-s3" pass="3" fail="0" skip="0">Automation.Robot Avancado.Tests.Date Time</stat>
<stat name="Diff File" id="s1-s2-s1-s4" pass="1" fail="0" skip="0">Automation.Robot Avancado.Tests.Diff File</stat>
<stat name="Esperas" id="s1-s2-s1-s5" pass="1" fail="1" skip="0">Automation.Robot Avancado.Tests.Esperas</stat>
<stat name="Falhas Previstas" id="s1-s2-s1-s6" pass="0" fail="3" skip="0">Automation.Robot Avancado.Tests.Falhas Previstas</stat>
<stat name="For" id="s1-s2-s1-s7" pass="0" fail="10" skip="0">Automation.Robot Avancado.Tests.For</stat>
<stat name="myLibrary" id="s1-s2-s1-s8" pass="0" fail="2" skip="0">Automation.Robot Avancado.Tests.myLibrary</stat>
<stat name="Operating System" id="s1-s2-s1-s9" pass="0" fail="4" skip="0">Automation.Robot Avancado.Tests.Operating System</stat>
<stat name="Process" id="s1-s2-s1-s10" pass="0" fail="3" skip="0">Automation.Robot Avancado.Tests.Process</stat>
<stat name="String" id="s1-s2-s1-s11" pass="0" fail="2" skip="0">Automation.Robot Avancado.Tests.String</stat>
<stat name="Teardowns" id="s1-s2-s1-s12" pass="0" fail="4" skip="0">Automation.Robot Avancado.Tests.Teardowns</stat>
<stat name="Scrubin" id="s1-s3" pass="0" fail="2" skip="0">Automation.Scrubin</stat>
<stat name="Backup" id="s1-s3-s1" pass="0" fail="1" skip="0">Automation.Scrubin.Backup</stat>
<stat name="Hello" id="s1-s3-s1-s1" pass="0" fail="1" skip="0">Automation.Scrubin.Backup.Hello</stat>
<stat name="Home" id="s1-s3-s2" pass="0" fail="1" skip="0">Automation.Scrubin.Home</stat>
<stat name="Web Robotfranework" id="s1-s4" pass="0" fail="1" skip="0">Automation.Web Robotfranework</stat>
<stat name="SuiteSiteTestePracticePO antes de refatorar" id="s1-s4-s1" pass="0" fail="1" skip="0">Automation.Web Robotfranework.SuiteSiteTestePracticePO antes de refatorar</stat>
<stat name="Tests" id="s1-s4-s1-s1" pass="0" fail="1" skip="0">Automation.Web Robotfranework.SuiteSiteTestePracticePO antes de refatorar.Tests</stat>
<stat name="TestSitePractice" id="s1-s4-s1-s1-s1" pass="0" fail="1" skip="0">Automation.Web Robotfranework.SuiteSiteTestePracticePO antes de refatorar.Tests.TestSitePractice</stat>
</suite>
</statistics>
<errors>
<msg time="2025-05-13T16:04:56.017950" level="WARN">Error in file 'c:\automation\web_robotfranework\SuiteSiteTestePracticePO_antes_de_refatorar\tests\TestSitePractice.robot' on line 6: Singular section headers like '*** Test Case ***' are deprecated. Use plural format like '*** Test Cases ***' instead.</msg>
<msg time="2025-05-13T16:05:01.319555" level="WARN">Retrying (Retry(total=2, connect=None, read=None, redirect=None, status=None)) after connection broken by 'NewConnectionError('&lt;urllib3.connection.HTTPConnection object at 0x0000015A9335E270&gt;: Failed to establish a new connection: [WinError 10061] Nenhuma conexão pôde ser feita porque a máquina de destino as recusou ativamente')': /wd/hub/session</msg>
<msg time="2025-05-13T16:05:05.378002" level="WARN">Retrying (Retry(total=1, connect=None, read=None, redirect=None, status=None)) after connection broken by 'NewConnectionError('&lt;urllib3.connection.HTTPConnection object at 0x0000015A93346D50&gt;: Failed to establish a new connection: [WinError 10061] Nenhuma conexão pôde ser feita porque a máquina de destino as recusou ativamente')': /wd/hub/session</msg>
<msg time="2025-05-13T16:05:09.435019" level="WARN">Retrying (Retry(total=0, connect=None, read=None, redirect=None, status=None)) after connection broken by 'NewConnectionError('&lt;urllib3.connection.HTTPConnection object at 0x0000015A93346FD0&gt;: Failed to establish a new connection: [WinError 10061] Nenhuma conexão pôde ser feita porque a máquina de destino as recusou ativamente')': /wd/hub/session</msg>
<msg time="2025-05-13T16:05:13.499879" level="WARN">Keyword 'Capture Page Screenshot' could not be run on failure: No application is open</msg>
<msg time="2025-05-13T16:05:13.516912" level="WARN">Keyword 'Capture Page Screenshot' could not be run on failure: No application is open</msg>
<msg time="2025-05-13T16:05:13.527589" level="WARN">Keyword 'Capture Page Screenshot' could not be run on failure: No application is open</msg>
<msg time="2025-05-13T16:05:17.622408" level="WARN">Retrying (Retry(total=2, connect=None, read=None, redirect=None, status=None)) after connection broken by 'NewConnectionError('&lt;urllib3.connection.HTTPConnection object at 0x0000015A9342C640&gt;: Failed to establish a new connection: [WinError 10061] Nenhuma conexão pôde ser feita porque a máquina de destino as recusou ativamente')': /wd/hub/session</msg>
<msg time="2025-05-13T16:05:21.730896" level="WARN">Retrying (Retry(total=1, connect=None, read=None, redirect=None, status=None)) after connection broken by 'NewConnectionError('&lt;urllib3.connection.HTTPConnection object at 0x0000015A9334EF90&gt;: Failed to establish a new connection: [WinError 10061] Nenhuma conexão pôde ser feita porque a máquina de destino as recusou ativamente')': /wd/hub/session</msg>
<msg time="2025-05-13T16:05:25.793112" level="WARN">Retrying (Retry(total=0, connect=None, read=None, redirect=None, status=None)) after connection broken by 'NewConnectionError('&lt;urllib3.connection.HTTPConnection object at 0x0000015A9339BAC0&gt;: Failed to establish a new connection: [WinError 10061] Nenhuma conexão pôde ser feita porque a máquina de destino as recusou ativamente')': /wd/hub/session</msg>
<msg time="2025-05-13T16:05:29.879436" level="WARN">Keyword 'Capture Page Screenshot' could not be run on failure: No application is open</msg>
<msg time="2025-05-13T16:05:29.899164" level="WARN">Keyword 'Capture Page Screenshot' could not be run on failure: No application is open</msg>
<msg time="2025-05-13T16:05:29.910566" level="WARN">Keyword 'Capture Page Screenshot' could not be run on failure: No application is open</msg>
<msg time="2025-05-13T16:05:33.986756" level="WARN">Retrying (Retry(total=2, connect=None, read=None, redirect=None, status=None)) after connection broken by 'NewConnectionError('&lt;urllib3.connection.HTTPConnection object at 0x0000015A9339A030&gt;: Failed to establish a new connection: [WinError 10061] Nenhuma conexão pôde ser feita porque a máquina de destino as recusou ativamente')': /wd/hub/session</msg>
<msg time="2025-05-13T16:05:38.044510" level="WARN">Retrying (Retry(total=1, connect=None, read=None, redirect=None, status=None)) after connection broken by 'NewConnectionError('&lt;urllib3.connection.HTTPConnection object at 0x0000015A93399480&gt;: Failed to establish a new connection: [WinError 10061] Nenhuma conexão pôde ser feita porque a máquina de destino as recusou ativamente')': /wd/hub/session</msg>
<msg time="2025-05-13T16:05:42.144562" level="WARN">Retrying (Retry(total=0, connect=None, read=None, redirect=None, status=None)) after connection broken by 'NewConnectionError('&lt;urllib3.connection.HTTPConnection object at 0x0000015A93444D10&gt;: Failed to establish a new connection: [WinError 10061] Nenhuma conexão pôde ser feita porque a máquina de destino as recusou ativamente')': /wd/hub/session</msg>
<msg time="2025-05-13T16:05:46.258658" level="WARN">Keyword 'Capture Page Screenshot' could not be run on failure: No application is open</msg>
<msg time="2025-05-13T16:05:46.278768" level="WARN">Keyword 'Capture Page Screenshot' could not be run on failure: No application is open</msg>
<msg time="2025-05-13T16:05:46.290901" level="WARN">Keyword 'Capture Page Screenshot' could not be run on failure: No application is open</msg>
<msg time="2025-05-13T16:06:16.046780" level="WARN">Multiple tests with name 'Teste FOR com numeração da lista' executed in suite 'Automation.Robot Avancado.Tests.For'.</msg>
</errors>
</robot>
 open</msg>
<msg time="2025-05-13T16:04:28.741043" level="WARN">Keyword 'Capture Page Screenshot' could not be run on failure: No application is open</msg>
<msg time="2025-05-13T16:04:32.851558" level="WARN">Retrying (Retry(total=2, connect=None, read=None, redirect=None, status=None)) after connection broken by 'NewConnectionError('&lt;urllib3.connection.HTTPConnection object at 0x0000020A785BA030&gt;: Failed to establish a new connection: [WinError 10061] Nenhuma conexão pôde ser feita porque a máquina de destino as recusou ativamente')': /wd/hub/session</msg>
<msg time="2025-05-13T16:04:36.939567" level="WARN">Retrying (Retry(total=1, connect=None, read=None, redirect=None, status=None)) after connection broken by 'NewConnectionError('&lt;urllib3.connection.HTTPConnection object at 0x0000020A785B9480&gt;: Failed to establish a new connection: [WinError 10061] Nenhuma conexão pôde ser feita porque a máquina de destino as recusou ativamente')': /wd/hub/session</msg>
<msg time="2025-05-13T16:04:40.983857" level="WARN">Retrying (Retry(total=0, connect=None, read=None, redirect=None, status=None)) after connection broken by 'NewConnectionError('&lt;urllib3.connection.HTTPConnection object at 0x0000020A78660D10&gt;: Failed to establish a new connection: [WinError 10061] Nenhuma conexão pôde ser feita porque a máquina de destino as recusou ativamente')': /wd/hub/session</msg>
<msg time="2025-05-13T16:04:45.044219" level="WARN">Keyword 'Capture Page Screenshot' could not be run on failure: No application is open</msg>
<msg time="2025-05-13T16:04:45.061094" level="WARN">Keyword 'Capture Page Screenshot' could not be run on failure: No application is open</msg>
<msg time="2025-05-13T16:04:45.071901" level="WARN">Keyword 'Capture Page Screenshot' could not be run on failure: No application is open</msg>
<msg time="2025-05-13T16:05:15.772773" level="WARN">Multiple tests with name 'Teste FOR com numeração da lista' executed in suite 'Automation.Robot Avancado.Tests.For'.</msg>
</errors>
</robot>
